CutSize 4771
DieA 5696
C13907
C13896
C13889
C13887
C13860
C13857
C13844
C13831
C13829
C13827
C13825
C13819
C13812
C13805
C13804
C13801
C13790
C13786
C13764
C13754
C13742
C13731
C13729
C13728
C13727
C13726
C13725
C13723
C13721
C13720
C13715
C13701
C13697
C13695
C13692
C13689
C13668
C13665
C13664
C13656
C13648
C13626
C13624
C13623
C13621
C13620
C13618
C13613
C13612
C13611
C13610
C13608
C13606
C13605
C13603
C13602
C13600
C13598
C13597
C13629
C13594
C13582
C13545
C13544
C13541
C13524
C13516
C13515
C13514
C13511
C13510
C13500
C13499
C13498
C13492
C13477
C13467
C13466
C13461
C13445
C13432
C13431
C13430
C13429
C13428
C13415
C13413
C13412
C13407
C13406
C13396
C13384
C13380
C13371
C13370
C13366
C13365
C13364
C13358
C13353
C13351
C13350
C13346
C13337
C13327
C13325
C13324
C13314
C13310
C13309
C13300
C13299
C13298
C13291
C13283
C13282
C13280
C13276
C13275
C13259
C13255
C13247
C13228
C13227
C13395
C13223
C13222
C13221
C13217
C13213
C13211
C13740
C13195
C13193
C13191
C13188
C13167
C13164
C13151
C13150
C13145
C13143
C13141
C13130
C13108
C13106
C13104
C13103
C13102
C13092
C13091
C13089
C13085
C13083
C13080
C13079
C13069
C13691
C13051
C13049
C13046
C13043
C13041
C13040
C13039
C13033
C13020
C13019
C13018
C13016
C13015
C13904
C13014
C13004
C13003
C13001
C12998
C12986
C12980
C12967
C12962
C13022
C12950
C12948
C12947
C12915
C12913
C12912
C12908
C12907
C12900
C12893
C12890
C12887
C12853
C12852
C12851
C12850
C12849
C12846
C12832
C12830
C12829
C12825
C12820
C12816
C12812
C12808
C12806
C12805
C12801
C12786
C13517
C12774
C12773
C12766
C12760
C12758
C12745
C12741
C12731
C12725
C12718
C12716
C12714
C12701
C12692
C12691
C13789
C12682
C12679
C12678
C12672
C12641
C12640
C12639
C12637
C12629
C12628
C12823
C12610
C12600
C12599
C12598
C12597
C12595
C12594
C12591
C12581
C12580
C12579
C12566
C12564
C12553
C12552
C12550
C12545
C12544
C12543
C12541
C12536
C12527
C12520
C12519
C13587
C12501
C12494
C12493
C12491
C12484
C12465
C12461
C12460
C12442
C12438
C12437
C12410
C12404
C12403
C12390
C12380
C12371
C12370
C12362
C12361
C12356
C12355
C12340
C12332
C12321
C12320
C12319
C12308
C12307
C12300
C12286
C12274
C12273
C12272
C12271
C12270
C12265
C12264
C12263
C12261
C12259
C12762
C12251
C12250
C12242
C12240
C12238
C13874
C12206
C12204
C12191
C12190
C12498
C12169
C12154
C12681
C12152
C12149
C12132
C12119
C12108
C12102
C12101
C12100
C12094
C12084
C12083
C12070
C12068
C12050
C12036
C12029
C12028
C12011
C12010
C12009
C12006
C13372
C12004
C13212
C12002
C13165
C11999
C11998
C11985
C11981
C12828
C11973
C11972
C11962
C11961
C12746
C11951
C11943
C12343
C11936
C11935
C11930
C11920
C11917
C11916
C11907
C11896
C11894
C11893
C13048
C13840
C11879
C11877
C11873
C11857
C11856
C11855
C11853
C13409
C11850
C11849
C11847
C13901
C11846
C11837
C11828
C13741
C11814
C11813
C11812
C11811
C11809
C11808
C11806
C11804
C11803
C13077
C11778
C11774
C11772
C11771
C12717
C11757
C11756
C11755
C11751
C11750
C11738
C11737
C11974
C11720
C11712
C11711
C11709
C11705
C11700
C11699
C11695
C11694
C13732
C11688
C11687
C11673
C11671
C11669
C12787
C11650
C11647
C13301
C11639
C11636
C11630
C11629
C11620
C11619
C11611
C11610
C11604
C11603
C11602
C11601
C11600
C11599
C11597
C11596
C11595
C11583
C11580
C11710
C11564
C11562
C11558
C13184
C12046
C11557
C11556
C11553
C11552
C11551
C11550
C11549
C11547
C11546
C11545
C11534
C13313
C11525
C11520
C11519
C11518
C11517
C11516
C11515
C11509
C11507
C12051
C11506
C11505
C11502
C11500
C11499
C11497
C11489
C11486
C11484
C11480
C11479
C11478
C12532
C11474
C11473
C11464
C13753
C12848
C11445
C11444
C11439
C13199
C11438
C11437
C11436
C11431
C11429
C11421
C11408
C11401
C11398
C11397
C11395
C11372
C11371
C11370
C11365
C11364
C12739
C11357
C13439
C11352
C11646
C11343
C11335
C11320
C11317
C11536
C11305
C11300
C11294
C11293
C11292
C11287
C11286
C11283
C13290
C11277
C11276
C11271
C11264
C11252
C11251
C11249
C11243
C11242
C11241
C11240
C11238
C11226
C11278
C11215
C12302
C11214
C11206
C11205
C11204
C11203
C11199
C11196
C11195
C11182
C11180
C11173
C11172
C11171
C11170
C11169
C11163
C13082
C11148
C11147
C11146
C11145
C11128
C11114
C11103
C13522
C11102
C11100
C11093
C11092
C11091
C11090
C11089
C11086
C11085
C11071
C11061
C11057
C11056
C11054
C11051
C11044
C11043
C12898
C11027
C11942
C11017
C11016
C11015
C12167
C11012
C11003
C10994
C10991
C10978
C12517
C10969
C10968
C12331
C10965
C10963
C10962
C11862
C10950
C10940
C10936
C10935
C10931
C10930
C10929
C10925
C10917
C10916
C10910
C10907
C10906
C10905
C10903
C11400
C10902
C10901
C10899
C10898
C10897
C10888
C10887
C10880
C10878
C11465
C10848
C10847
C10846
C10844
C10842
C10840
C10834
C10832
C10824
C10823
C10817
C10816
C10815
C12888
C10813
C10811
C10805
C11944
C10795
C10794
C10790
C12542
C10775
C10761
C10750
C10749
C11980
C10748
C10732
C10731
C10729
C10720
C10719
C10715
C10713
C10712
C10703
C10701
C10689
C10680
C10667
C10666
C10665
C10663
C13216
C10661
C10658
C10655
C10646
C10644
C10643
C10642
C10641
C10640
C10636
C10634
C10633
C10629
C10628
C10626
C10625
C10616
C10613
C10612
C10606
C10605
C10603
C12844
C10602
C10601
C10600
C10598
C10597
C10583
C10582
C10581
C10948
C10572
C10571
C10570
C10561
C10560
C10556
C10554
C10553
C10539
C12985
C10538
C10537
C10535
C10532
C10531
C10530
C10529
C10523
C10521
C10520
C10512
C10511
C10510
C10509
C10502
C10495
C10494
C10490
C10488
C10487
C10486
C10481
C10476
C10474
C10466
C10455
C10453
C10452
C10451
C12369
C10442
C12894
C10436
C10435
C10432
C10431
C10429
C11648
C10428
C10427
C13880
C11713
C12596
C12162
C10409
C12667
C12158
C10393
C10380
C10378
C10376
C10375
C10374
C10373
C10365
C12689
C10364
C10363
C10358
C10357
C12978
C10356
C10353
C13331
C10351
C10350
C12449
C10343
C10337
C10336
C10335
C10332
C10331
C10328
C11279
C10327
C10325
C11859
C11011
C10309
C10300
C10298
C11560
C10297
C10296
C10294
C10286
C10480
C10280
C10727
C10261
C10260
C10258
C12333
C12724
C10251
C10250
C12605
C10215
C10202
C10199
C10187
C12323
C12085
C10174
C10173
C12776
C10160
C10156
C10722
C12705
C10964
C12675
C10721
C13408
C10128
C10126
C12406
C12378
C10116
C10115
C10113
C10112
C10110
C11304
C10097
C10095
C10093
C10760
C10084
C10083
C10078
C10064
C10063
C10062
C12381
C10060
C12535
C10058
C10052
C10050
C10047
C10044
C10043
C10039
C10038
C11960
C10037
C10034
C10395
C10032
C10615
C10021
C10019
C10793
C10009
C10007
C10005
C10004
C10003
C10002
C11002
C9998
C9996
C9995
C9994
C9993
C9988
C9983
C9982
C9973
C9972
C9971
C9968
C9967
C9964
C9962
C9961
C9960
C9959
C9956
C9954
C9953
C13464
C10810
C9930
C9929
C9920
C9915
C9909
C9908
C9901
C9900
C9899
C9891
C9878
C9877
C9875
C9874
C10833
C12666
C10787
C13229
C10904
C9852
C9848
C9840
C9835
C9834
C9833
C9828
C9827
C9822
C12377
C12761
C12617
C9810
C9809
C9808
C9806
C9805
C12275
C9790
C9789
C11466
C9779
C13518
C9766
C9765
C9987
C9764
C9761
C9760
C9759
C9758
C9756
C10201
C9753
C13246
C9752
C9746
C13824
C9741
C9740
C9991
C9738
C9737
C13813
C10016
C9731
C13900
C10522
C9717
C9716
C9714
C11728
C9704
C10198
C9697
C9696
C9692
C9690
C9687
C9686
C10879
C9685
C9682
C9679
C9678
C9677
C9676
C9675
C9672
C9670
C9666
C9665
C9645
C9644
C9643
C9642
C10133
C9636
C9625
C9624
C9621
C9620
C11581
C9607
C9604
C13096
C9599
C9598
C9596
C9594
C9593
C9592
C9590
C9671
C12243
C11181
C13468
C9573
C9572
C9571
C9564
C9563
C12424
C9557
C9555
C13802
C9543
C9542
C9541
C9540
C9527
C9526
C11703
C9525
C9524
C9523
C9521
C9516
C9514
C9505
C9725
C9479
C9478
C9477
C9469
C9468
C9463
C9462
C9461
C9460
C9443
C9442
C9437
C9436
C9435
C9434
C9433
C9432
C9418
C9417
C9413
C9411
C9408
C11970
C9788
C9395
C9394
C9389
C9387
C9386
C9383
C9382
C12703
C9372
C9371
C11094
C11318
C9597
C9361
C9360
C9358
C9357
C12824
C9334
C9333
C9330
C9313
C13866
C9304
C9302
C9299
C9295
C9293
C9292
C9879
C9269
C9267
C12526
C13462
C10654
C9441
C9245
C11971
C9230
C11781
C9229
C9228
C9227
C9218
C9217
C9214
C9211
C9208
C12314
C11521
C9192
C9191
C9190
C9182
C13521
C9181
C9178
C9177
C9173
C9172
C9168
C10664
C9167
C9165
C9163
C9162
C9159
C9156
C11055
C9154
C9153
C9152
C9151
C9146
C9142
C13583
C9140
C9138
C9137
C9136
C9161
C9128
C9127
C9126
C9120
C9119
C9118
C9106
C9105
C9104
C11986
C9102
C9097
C9096
C9091
C9089
C11087
C9087
C9077
C9073
C13250
C9065
C9063
C9061
C9060
C9226
C9049
C12630
C9048
C9047
C9044
C11001
C13251
C10045
C11997
C12379
C9021
C9019
C9014
C9012
C9011
C9010
C9009
C9008
C9007
C10404
C9006
C9004
C9001
C8999
C10924
C8989
C8988
C10079
C8984
C8968
C9556
C8967
C8965
C8960
C8959
C8958
C10500
C10355
C8939
C8938
C11950
C8937
C8935
C8932
C8930
C8928
C8927
C8926
C10081
C8912
C8911
C12431
C10017
C13180
C12694
C10557
C8894
C9248
C8877
C8875
C8865
C8845
C8844
C8839
C8834
C8830
C8828
C8826
C8823
C8815
C8812
C9674
C8802
C8801
C8798
C8797
C8796
C8787
C8785
C8783
C8782
C8781
C8779
C9342
C8778
C8777
C12485
C8776
C8775
C8774
C8772
C8771
C8768
C9157
C8759
C8753
C9465
C8750
C8749
C8747
C13627
C8733
C9974
C8814
C8731
C8730
C9064
C8723
C8722
C8702
C8701
C8690
C8678
C8675
C8674
C8673
C8669
C8665
C8664
C8645
C8636
C13278
C8635
C8634
C8630
C8627
C8626
C8622
C12462
C8621
C8619
C13839
C13599
C8614
C8613
C8611
C8610
C10200
C8609
C8608
C8607
C8606
C8605
C13381
C11582
C8592
C8591
C8590
C8589
C8588
C12341
C8585
C8767
C8584
C8581
C8576
C8566
C12237
C8563
C8560
C8559
C8549
C8541
C8540
C10444
C10114
C8525
C13050
C8508
C8506
C8504
C8501
C8499
C13090
C11704
C8480
C8476
C10403
C10057
C8471
C10377
C8470
C9888
C12500
C8466
C8465
C8454
C8449
C8438
C12914
C11275
C9688
C13714
C9171
C8411
C8402
C8401
C8400
C8399
C8395
C8394
C8393
C8390
C8389
C8387
C12642
C11918
C10591
C8379
C8372
C12358
C8371
C8360
C11762
C12299
C13128
C8350
C8349
C8348
C8344
C8341
C8340
C11565
C8315
C8314
C8286
C8282
C8281
C8278
C12813
C8276
C10391
C8629
C10418
C8269
C8268
C8264
C8878
C8260
C8259
C8255
C8249
C12430
C12423
C12593
C8226
C12496
C8225
C12439
C8218
C11903
C8214
C8212
C8211
C13655
C12456
C8197
C8189
C8184
C8183
C8176
C8174
C8173
C8172
C13281
C9829
C9329
C12170
C12715
C8144
C8140
C8139
C9450
C10777
C8118
C8117
C8116
C8115
C12306
C8105
C8104
C8103
C8091
C8089
C8083
C8082
C8081
C8080
C8075
C8074
C9327
C8061
C8060
C8059
C8058
C8053
C8049
C8048
C8045
C8044
C8042
C8041
C11613
C8035
C8034
C8033
C8030
C8027
C8025
C8023
C11852
C8021
C8016
C8003
C8002
C10714
C7988
C7986
C9103
C7978
C7974
C7972
C7971
C7970
C7964
C7960
C12287
C7954
C7953
C13800
C7945
C7944
C7943
C11874
C7942
C7940
C7935
C10171
C7932
C11481
C7928
C8786
C7907
C7906
C7902
C7898
C7897
C7891
C10379
C7890
C7889
C7887
C7885
C11561
C11670
C7874
C7873
C7869
C7868
C7866
C13482
C9534
C7859
C7846
C7845
C7844
C7840
C7839
C7837
C9966
C7829
C11836
C13891
C11088
C7816
C7806
C7804
C7798
C7796
C7792
C7915
C7791
C7780
C7777
C10501
C7776
C7775
C7774
C7770
C7765
C11987
C7763
C7762
C7761
C7760
C7758
C8873
C7751
C7747
C7742
C7739
C7738
C7737
C10417
C7724
C11284
C7718
C9359
C7702
C7688
C7687
C7684
C7682
C7680
C7679
C7677
C7676
C7675
C7674
C8758
C7673
C7672
C10791
C7671
C7670
C9539
C7665
C7659
C13826
C7658
C10660
C7656
C7653
C13772
C7652
C7651
C12153
C7638
C7632
C8343
C7631
C10352
C12634
C7625
C7624
C8925
C7623
C9328
C7609
C7606
C7605
C7603
C9362
C11659
C13214
C7582
C7581
C7580
C7578
C7576
C10967
C7575
C7572
C10354
C7561
C7557
C7556
C7549
C9339
C7547
C7544
C7538
C13588
C13297
C10627
C7535
C7534
C7528
C7527
C8284
C7523
C10949
C7522
C7519
C98
C7698
C8527
C4396
C3707
C7378
C9913
C3692
C3720
C7771
C5363
C8633
C7817
C12831
C6412
C10132
C9466
C9072
C6161
C3661
C9997
C931
C3652
C3643
C4981
C2847
C4867
C8791
C12464
C5387
C6809
C3585
C2072
C3574
C2718
C3571
C9823
C5973
C11535
C3559
C3013
C1048
C3553
C3550
C3549
C1592
C13745
C11487
C10568
C3546
C11213
C3618
C163
C3531
C4374
C6414
C3524
C8359
C3513
C10340
C2781
C7463
C10362
C2676
C5808
C7517
C3497
C1569
C13338
C3488
C670
C3969
C5323
C9673
C13220
C3637
C10450
C3736
C13506
C8327
C3451
C12966
C6042
C3449
C11441
C12105
C3443
C1621
C10214
C1921
C12109
C11995
C3430
C8362
C3150
C13378
C9698
C3414
C13713
C11638
C12949
C5906
C12391
C2143
C3407
C4079
C3399
C11164
C7144
C10065
C3389
C3734
C3383
C3382
C5924
C3377
C3375
C3374
C3257
C3367
C3363
C4226
C3358
C5656
C3343
C7741
C3491
C8874
C3328
C7643
C4386
C11113
C3323
C13410
C2841
C3448
C7660
C3306
C13773
C919
C6964
C3272
C6333
C12298
C3269
C431
C3267
C4641
C3266
C8345
C3265
C55
C7127
C12740
C8377
C3255
C2259
C12037
C2444
C2008
C7406
C13465
C3873
C5720
C5189
C3241
C6257
C13095
C11116
C3238
C749
C3235
C5915
C3447
C3234
C3230
C3223
C3222
C3244
C11202
C788
C3209
C8766
C12968
C3206
C9116
C10728
C3196
C12411
C3188
C3207
C12567
C3204
C13194
C161
C7773
C3177
C3487
C3145
C456
C6370
C6196
C3135
C3134
C3131
C3321
C7239
C3373
C6893
C6988
C3290
C12855
C6963
C10555
C3117
C10046
C3275
C2654
C13411
C12455
C3108
C3107
C3106
C342
C4349
C3100
C3099
C3097
C9412
C9270
C3181
C3084
C3023
C3079
C3077
C3608
C594
C470
C9117
C3071
C9083
C12107
C9770
C6878
C9335
C7209
C7280
C2569
C3052
C12551
C3607
C13084
C3086
C1811
C3034
C7982
C10299
C10882
C3018
C3012
C10449
C3007
C3601
C2998
C5446
C7831
C935
C2988
C8385
C8739
C7426
C2980
C11915
C13690
C13513
C11435
C12843
C2960
C2951
C8481
C2924
C1465
C9504
C2945
C12446
C2925
C4816
C2923
C10979
C3324
C2734
C2600
C4505
C2915
C3059
C2090
C5289
C3846
C3056
C2944
C4903
C12288
C5581
C2664
C11403
C2889
C13377
C8850
C2866
C3949
C5043
C2857
C3525
C2844
C1913
C2840
C249
C1544
C2837
C80
C2872
C9384
C3461
C12748
C5320
C12680
C2828
C9344
C10865
C2685
C7644
C12000
C2192
C6673
C2790
C2786
C2780
C3278
C90
C6092
C2776
C3715
C5054
C5447
C6343
C270
C12013
C2767
C2763
C5790
C2754
C8827
C8478
C7432
C2740
C2735
C2732
C1776
C3178
C3252
C3755
C7326
C2724
C3644
C634
C2706
C11342
C5164
C11018
C4939
C3603
C2699
C8270
C2692
C2810
C2736
C8388
C673
C11227
C52
C3635
C2682
C7904
C2997
C5107
C3191
C1458
C2660
C4363
C2657
C7577
C2656
C5035
C6077
C2650
C3298
C2649
C5316
C3551
C6024
C12495
C10056
C2646
C12241
C7947
C2897
C3672
C5118
C12827
C2626
C2825
C4555
C7204
C2625
C3140
C9602
C2714
C3484
C8964
C8593
C2623
C2620
C2144
C13422
C3168
C9316
C2723
C11314
C3871
C2610
C2609
C2606
C2599
C2598
C12151
C16
C2591
C9990
C3297
C5236
C6454
C7212
C2576
C2572
C3957
C2621
C4999
C2667
C5123
C2567
C2117
C2562
C13525
C2773
C2555
C3402
C2036
C2551
C2548
C5729
C2540
C2539
C2535
C2534
C6849
C3127
C2792
C8450
C2525
C13256
C2524
C2523
C2516
C2511
C3031
C3226
C5249
C3446
C2502
C5192
C2497
C13417
C3259
C6155
C12104
C2488
C2486
C11676
C10702
C2485
C2477
C2475
C49
C13703
C6011
C3953
C5361
C12521
C12568
C215
C13349
C2457
C2455
C3899
C7450
C662
C7683
C10410
C2433
C5991
C3058
C2417
C5346
C7587
C2428
C855
C12633
C2423
C415
C12961
C9667
C12205
C11013
C2407
C5135
C2406
C13367
C2398
C3286
C12891
C2397
C8421
C2390
C2384
C3096
C13414
C2378
C10961
C2375
C11829
C6615
C13698
C13478
C13140
C4551
C2352
C2351
C1057
C12911
C10392
C2341
C12069
C5725
C3509
C435
C5629
C485
C11153
C2329
C1541
C6116
C7055
C2308
C4286
C2307
C8620
C6110
C463
C9914
C10645
C14
C2288
C11978
C9414
C2283
C2282
C4633
C9515
C12043
C2705
C3130
C2273
C13034
C2272
C2271
C1702
C3126
C10630
C13218
C12027
C6436
C13483
C12916
C12554
C6891
C829
C2051
C2753
C8313
C2231
C2823
C6348
C11144
C10843
C2219
C7044
C13000
C2218
C4565
C6714
C4488
C3237
C7772
C9158
C3501
C2200
C6479
C2193
C10082
C12889
C2185
C5105
C5983
C6134
C5169
C7848
C8250
C2510
C12999
C6195
C1338
C1767
C3426
C583
C2157
C1993
C12722
C6902
C13876
C12664
C9467
C2149
C13543
C3454
C3961
C11640
C2146
C6265
C2140
C11504
C4685
C2244
C10818
C7507
C11498
C1586
C4711
C3190
C2521
C6718
C2113
C12673
C3673
C12118
C8069
C2108
C9522
C2993
C13512
C2093
C2622
C12695
C6498
C2092
C7886
C2088
C6831
C3035
C8542
C2075
C2071
C326
C6816
C2067
C2062
C2060
C13261
C2059
C3610
C7015
C2801
C2048
C10344
C3588
C2046
C2043
C1653
C11898
C6752
C3180
C3805
C2022
C2480
C4289
C11578
C13820
C2005
C1999
C13747
C1998
C8625
C3737
C6084
C5612
C792
C1992
C5890
C1985
C9451
C9622
C2033
C6712
C7045
C7260
C1967
C8784
C7031
C3002
C5484
C1953
C8162
C1950
C1949
C608
C1947
C13724
C13257
C6905
C12730
C9854
C7452
C3276
C8200
C4700
C5277
C1934
C5485
C9444
C1931
C10111
C10866
C2506
C6267
C1928
C4419
C2364
C5022
C387
C2864
C11143
C3844
C10845
C1907
C8479
C3279
C8067
C3411
C8879
C3753
C10806
C9294
C11830
C11749
C928
C1623
C2981
C9763
C2996
C1884
C7171
C6589
C13593
C11513
C6680
C1873
C2066
C1871
C10662
C2822
C12457
C631
C118
C1868
C1863
C13348
C5181
C3655
C3502
C1603
C8040
C10992
C1848
C1845
C2560
C6735
C12677
C8188
C2040
C8326
C1542
C2509
C7256
C9595
C9388
C1835
C1834
C13526
C6865
C1826
C1823
C6952
C1820
C12902
C4945
C1819
C3384
C12674
C1816
C2856
C13497
C1367
C1815
C2745
C1812
C1810
C13892
C1807
C3726
C4394
C13183
C9605
C8813
C4402
C1801
C7473
C1797
C9370
C6669
C2424
C1796
C691
C11838
C3425
C13093
C2987
C4979
C12899
C3589
C1838
C1049
C12576
C1587
C1257
C11548
C4320
C11319
C11165
C1781
C1780
C8773
C1930
C3001
C1765
C1762
C1759
C7310
C1753
C1751
C1750
C1749
C4782
C1394
C1747
C1746
C800
C12906
C780
C778
C7027
C11754
C11657
C10911
C754
C753
C12012
C2180
C7265
C795
C6089
C961
C13443
C3587
C1664
C10993
C6496
C8966
C3965
C5332
C9757
C9634
C4880
C12704
C3981
C735
C533
C1711
C727
C7861
C399
C5072
C5225
C2119
C720
C716
C10471
C8574
C2078
C1575
C5763
C715
C838
C6251
C401
C8628
C703
C3459
C9215
C7843
C3592
C2056
C1514
C5354
C689
C682
C3665
C4955
C7448
C10080
C3689
C9143
C6303
C2049
C4624
C674
C1084
C7958
C672
C3526
C2389
C2695
C352
C13507
C5732
C7050
C654
C653
C651
C648
C9646
C87
C8346
C11490
C96
C5907
C3156
C4843
C8668
C1082
C11413
C9801
C1115
C11118
C4228
C1850
C1660
C3378
C4024
C2401
C1002
C6668
C626
C12359
C9315
C7501
C12826
C12540
C9739
C6310
C12003
C617
C612
C9681
C610
C591
C8491
C5692
C7086
C751
C603
C7748
C2400
C8070
C3906
C13185
C506
C10454
C271
C13078
C6564
C2158
C5478
C8624
C532
C4942
C13260
C546
C13835
C6530
C4877
C2888
C2653
C590
C2644
C9992
C1642
C875
C2255
C10155
C606
C7639
C450
C2127
C6109
C5979
C10094
C7754
C3864
C1373
C8509
C567
C2247
C6770
C1683
C12910
C574
C564
C13052
C6035
C1055
C882
C2065
C11183
C551
C547
C11996
C5817
C2863
C1752
C5934
C4422
C1979
C12896
C8521
C11036
C5891
C11895
C446
C1896
C643
C139
C13038
C1895
C6598
C5082
C6307
C9216
C9807
C953
C522
C6236
C2709
C2884
C721
C575
C516
C2469
C195
C2842
C512
C11526
C515
C7700
C6061
C758
C2233
C8039
C3281
C5063
C13277
C2427
C4982
C10445
C3679
C11244
C2725
C434
C650
C10841
C7454
C565
C6356
C3048
C12734
C1695
C484
C2624
C1515
C1404
C2305
C125
C3793
C2495
C475
C561
C11876
C2618
C5157
C1452
C5219
C11414
C2425
C469
C467
C4023
C4135
C4613
C740
C11510
C465
C464
C772
C3055
C12499
C5733
C2974
C455
C10973
C452
C1806
C447
C442
C6573
C7498
C6419
C4146
C13666
C5228
C1313
C11472
C613
C8847
C1619
C10006
C10599
C11280
C553
C8213
C6046
C1382
C732
C6548
C12901
C430
C375
C554
C605
C4093
C5150
C2234
C11263
C1904
C5576
C2002
C11409
C11396
C2672
C501
C6107
C2109
C416
C11434
C11901
C8851
C3577
C2896
C258
C1132
C412
C2236
C1222
C263
C4804
C699
C471
C905
C1988
C8872
C886
C3933
C3185
C9410
C1503
C13852
C421
C10259
C5268
C8561
C13667
C7532
C3445
C3043
C13859
C1303
C4045
C4195
C7199
C4094
C2607
C2055
C1735
C12120
C8631
C667
C11491
C2750
C4242
C5794
C652
C4748
C6981
C3964
C7208
C1238
C860
C857
C10947
C11977
C1748
C1448
C2929
C3361
C647
C2194
C418
C625
C13129
C1730
C7397
C4180
C6022
C3268
C4567
C5564
C5592
C6818
C5792
C301
C10188
C2715
C4017
C777
C5589
C413
C11503
C13258
C4729
C5
C4002
C5568
C8085
C6497
C967
C184
C595
C1484
C4451
C13885
C164
C9343
C1058
C6537
C8666
C593
C8043
C7075
C5976
C744
C7924
C719
C4554
C4686
C8824
C12616
C11767
C11598
C2906
C9905
C3387
C8098
C10559
C1273
C9139
C48
C183
C13307
C862
C3500
C2677
C9517
C890
C4794
C11178
C9989
C9715
C10809
C9020
C3282
C6585
C7850
C1262
C3453
C12020
C10125
C316
C12309
C8265
C4072
C2141
C1609
C2151
C10489
C1388
C8933
C1075
C8285
C529
C10473
C519
C400
C8024
C107
C2304
C5267
C692
C11062
C2805
C773
C5065
C11084
C3228
C2313
C9045
C7238
C3656
C5119
C11000
C1050
C655
C8202
C4967
C53
C4874
C5326
C5594
C13509
C3905
C2991
C11740
C2484
C42
C12638
C5782
C731
C1127
C11488
C843
C2320
C8825
C6201
C1782
C11117
C9754
C3139
C4171
C4579
C2091
C8790
C13803
C2755
C2913
C166
C549
C2878
C259
C2134
C5274
C35
C12161
C3994
C3759
C9637
C10607
C10307
C262
C7143
C69
C1159
C2799
C454
C11270
C782
C3809
C97
C1056
C11322
C3322
C9164
C760
C7193
C1137
C374
C12057
C1297
C7109
C10730
C974
C10370
C11225
C3976
C9013
C6353
C6946
C12979
C10464
C11897
C8068
C10614
C370
C8036
C5499
C4647
C89
C6738
C10443
C1279
C665
C12131
C7752
C1622
C3701
C3520
C9669
C419
C9497
C369
C407
C11584
C5223
C7987
C260
C11860
C6899
C1757
C622
C2270
C36
C11485
C8062
C5859
C6772
C768
C3578
C350
C2054
C817
C5061
C11861
C9415
C12266
C13347
C3087
C88
C12721
C5122
C12451
C785
C12026
C3540
C1944
C7946
C714
C6784
C4
C10127
C8748
C12318
C3691
C1022
C3258
C3843
C8090
C2514
C13416
C8929
C11768
C126
C2479
C9802
C5245
C1066
C5917
C3821
C13190
C8757
C1858
C40
C13542
C11373
C3718
C1908
C7192
C257
C10292
C2914
C884
C2311
C1878
C1384
C17
C3663
C5970
C502
C5984
C13352
C592
C6492
C2939
C5238
C10326
C91
C13262
C7062
C1060
C2070
C9301
C1167
C10540
C2166
C3803
C9084
C242
C268
C3850
C8057
C13493
C9873
C5664
C1097
C9969
C3316
C571
C284
C7049
C5106
C68
C7222
C8420
C11900
C1965
C3735
C38
C1015
C3486
C12895
C10690
C632
C5575
C280
C1973
C9495
C8448
C9297
C479
C6708
C50
C2655
C5220
C123
C99
C243
C11764
C2330
C12405
C4066
C517
C762
C7088
C1553
C761
C6302
C8322
C13308
C6949
C9115
C275
C1419
C1121
C60
C2764
C1680
C2663
C2831
C11265
C5359
C4680
C12668
C9762
C8182
C397
C1984
C924
C1112
C513
C930
C9981
C646
C2574
C1573
C521
C12764
C10390
C127
C13359
C7283
C2815
C2172
C11420
C2153
C7920
C1029
C620
C5646
C85
C4666
C11854
C9684
C9298
C341
C8562
C86
C291
C4275
C11053
C11399
C6082
C9257
C1972
C9271
C10051
C149
C1477
C2868
C5037
C244
C7628
C1158
C1982
C9980
C8740
C3379
C10334
C2316
C5351
C3760
C1166
C4380
C2940
C13862
C13622
C3523
C1957
C216
C95
C1613
C220
C4432
C3246
C5015
C508
C688
C6540
C5124
C3771
C1156
C1824
C3716
C12964
C2898
C11052
C2101
C1821
C13833
C793
C2631
C1431
C239
C12807
C10830
C4360
C5070
C11953
C3205
C388
C241
C3280
C781
C12516
C10900
C3192
C9046
C1562
C3283
C2604
C2950
C4539
C2224
C1954
C4216
C9445
C7521
C5466
C11315
C3163
C255
C11658
C770
C13647
C414
C6278
C2830
C7267
C2496
C2972
C13249
C1511
C3284
C19
C318
C266
C8437
C274
C8254
C4944
C7423
C3645
C11239
C10558
C2733
C12693
C2992
C2833
C279
C5312
C1846
C1430
C287
C9416
C2881
C4080
C6410
C2832
C3
C663
C5166
C1636
C7110
C604
C9300
C406
C7471
C5975
C332
C296
C11074
C6572
C146
C1734
C934
C4410
C3385
C302
C2507
C5691
C364
C1760
C1239
C5654
C3442
C1640
C2302
C7067
C2575
C1195
C10679
C5881
C6193
C10096
C12604
C1073
C2306
C3161
C2710
C12854
C11321
C4898
C8028
C307
C8020
C2978
C12635
C12502
C3642
C4795
C999
C8439
C331
C10789
C2556
C2073
C9749
C5703
C1046
C705
C417
C12590
C7367
C814
C1872
C4083
C12729
C690
C1298
C8575
C343
C12775
C129
C9664
C977
C841
C6039
C4368
C6619
C3496
C10479
C11045
C9189
C12683
C1188
C7455
C5961
C8623
C368
C7115
C4213
C4721
C2274
C2796
C5508
C235
C11902
C5784
C253
C12702
C1709
C11763
C2762
C7201
C660
C10881
C1501
C6502
C10176
C7298
C4969
C1784
C1255
C1117
C2076
C5921
C518
C827
C408
C5401
C2538
C12354
C6880
C1769
C5631
C826
C1624
C6737
C3239
C664
C913
C7161
C5841
C3263
C5488
C4996
C837
C13263
C2806
C7931
C1611
C13017
C1264
C4390
C7392
C2470
C1499
C2007
C4185
C1377
C6296
C2869
C3857
C6658
C9284
C6748
C1072
C1191
C5477
C1724
C861
C8277
C54
C10635
C2077
C878
C5146
C5683
C7167
C877
C883
C2491
C10611
C8679
C3738
C1353
C2880
C5265
C13142
C5657
C2688
C978
C5390
C3132
C6528
C2087
C6047
C910
C5410
C645
C12450
C925
C7178
C926
C929
C1686
C2188
C2021
C10493
C147
C77
C941
C942
C2658
C13002
C1226
C5832
C946
C405
C3653
C5715
C10850
C1808
C970
C10394
C2286
C5097
C7111
C6707
C1205
C6661
C2248
C4354
C4847
C5462
C888
C12447
C7292
C8644
C7022
C979
C1558
C7262
C3355
C13081
C9141
C993
C998
C1192
C2309
C10408
C1000
C13568
C2608
C5141
C1012
C11672
C10736
C2012
C13126
C6688
C13897
C4972
C12008
C1021
C12742
C1028
C8703
C1035
C3075
C6549
C7459
C2264
C5511
C2651
C609
C6102
C7237
C443
C3552
C9623
C1054
C1065
C1070
C6941
C2594
C2380
C7968
C3811
C9851
C5367
C12382
C661
C8934
C20
C4467
C568
C7349
C1094
C468
C1098
C6566
C7263
C2850
C3896
C904
C8526
C1827
C1567
C7548
C1107
C4941
C420
C1110
C13722
C11773
C12432
C1113
C9922
C3197
C1120
C9258
C3098
C7941
C4835
C6940
C8567
C7778
C8595
C5333
C1723
C1128
C4690
C6008
C1131
C3636
C11334
C4709
C5727
C13828
C2211
C1083
C11075
C1505
C6536
C1139
C1140
C1141
C3930
C12892
C3457
C1147
C1148
C3638
C4651
C13446
C1157
C2169
C1165
C7469
C43
C8363
C3203
C2291
C1869
C1176
C8261
C1346
C8323
C4090
C12276
C13274
C9767
C5069
C10996
C1187
C2911
C774
C1189
C11875
C1119
C4780
C411
C2322
C1194
C1733
C963
C2387
C6256
C12443
C10279
C1513
C3372
C8092
C56
C13470
C2546
C3431
C1032
C2665
C13569
C11115
C1219
C1221
C5922
C3310
C3300
C4938
C6911
C1644
C9606
C61
C12763
C1227
C1228
C2454
C62
C8866
C2319
C644
C4014
C1247
C5698
C1256
C1583
C6812
C5175
C11919
C5776
C1043
C2019
C170
C6951
C4689
C1263
C12802
C4580
C2789
C6558
C1272
C3394
C3561
C4683
C8632
C4192
C1280
C8283
C7028
C5385
C2201
C6937
C9591
C3136
C1287
C7430
C5114
C2050
C13326
C1047
C5394
C9853
C6586
C4757
C6601
C3285
C12676
C5591
C8088
C10033
C9209
C2335
C3250
C7959
C4343
C2460
C7836
C47
C8419
C1413
C2851
C4733
C1331
C11508
C1341
C4413
C8403
C4366
C4841
C1552
C876
C1354
C11046
C8520
C8412
C7400
C3619
C7573
C1364
C5637
C1149
C1365
C7317
C12759
C2114
C3746
C7266
C1677
C1476
C2392
C1381
C1540
C6229
C7922
C4710
C1591
C1390
C5827
C11904
C11612
C775
C1397
C5133
C1398
C9050
C2416
C9683
C2235
C2206
C8361
C1411
C13186
C41
C779
C276
C10472
C676
C8670
C466
C12106
C1758
C1685
C897
C3963
C13149
C1261
C1550
C3799
C1434
C6575
C11501
C545
C1245
C13814
C1444
C3971
C627
C13746
C6851
C1456
C1629
C1509
C11250
C12007
C1475
C4252
C6904
C3681
C317
C3591
C1485
C6599
C6813
C2303
C1496
C1498
C13187
C8502
C8422
C3095
C13442
C13076
C10172
C7300
C1662
C1500
C1502
C1507
C11010
C2184
C2131
C1508
C5450
C12301
C1524
C1278
C11440
C2973
C1529
C457
C1531
C2340
C2136
C3482
C4770
C12171
C11563
C11477
C10291
C8754
C11899
C1743
C4937
C864
C5913
C4621
C3441
C7281
C5093
C5838
C1905
C12747
C319
C1572
C1577
C13614
C2809
C11198
C1825
C5565
C607
C140
C5937
C4387
C794
C9249
C5712
C2239
C8867
C1582
C6227
C12757
C12497
C5261
C8376
C563
C2719
C13761
C8522
C5938
C34
C2977
C1598
C2350
C1420
C10117
C7830
C4763
C8612
C8936
C10293
C4911
C9748
C9520
C802
C5547
C10604
C12732
C3210
C12155
C1617
C4956
C3908
C11316
C8447
C801
C10475
C5202
C9804
C5193
C4293
C1844
C1510
C1643
C120
C2106
C566
C6903
C1658
C4872
C2105
C9166
C4009
C5816
C6741
C1693
C1696
C11807
C718
C6927
C2388
C534
C2318
C2751
C9603
C7011
C3011
C12578
C2027
C851
C12631
C3988
C5279
C1071
C5229
C11805
C3754
C8543
C11952
C3763
C6687
C3765
C13476
C7963
C12045
C9002
C3778
C7211
C3780
C8198
C6591
C7966
C13628
C6113
C3788
C12168
C6094
C3789
C4701
C3085
C10788
C5774
C1528
C3806
C11979
C3815
C2971
C9464
C3824
C1883
C3825
C3826
C9890
C1659
C3828
C3829
C7508
C1722
C12965
C10465
C8097
C3847
C6926
C3848
C12463
C3849
C12076
C3856
C9005
C3863
C3866
C8084
C3875
C3878
C1935
C12082
C3889
C4576
C10569
C3890
C3892
C3895
C4517
C3898
C5822
C3904
C11605
C128
C7268
C154
C3919
C6845
C8505
C4026
C7224
C3923
C3924
C3926
C11769
C588
C12905
C3931
C4498
C12663
C3942
C12095
C11780
C992
C3947
C8846
C75
C3950
C4235
C3955
C1818
C11906
C3959
C12150
C649
C4482
C3962
C13811
C6400
C4075
C4071
C9314
C3977
C3978
C3914
C2671
C3982
C3984
C4668
C3935
C4000
C4001
C8544
C4003
C1318
C4707
C4005
C4006
C1668
C4010
C7394
C4012
C12052
C7470
C3717
C4013
C4022
C6978
C297
C4027
C4029
C4035
C4036
C11402
C10159
C2666
C6994
C4037
C4038
C7905
C4040
C5877
C4043
C4044
C8940
C4047
C12342
C4728
C4055
C9180
C4056
C1391
C4057
C7518
C1530
C4179
C9090
C5527
C10776
C4525
C4067
C7035
C4070
C12103
C4076
C9839
C4086
C4452
C13021
C4088
C4095
C4675
C5972
C4101
C4102
C10308
C13101
C5663
C1933
C4113
C6295
C4116
C4222
C2196
C2216
C4121
C4122
C4123
C4126
C9889
C4132
C11050
C8386
C1684
C4136
C4140
C7227
C4141
C4142
C6157
C4143
C11645
C4148
C13469
C10918
C9268
C8704
C4153
C3818
C4155
C4159
C8719
C4160
C11770
C8190
C4162
C9940
C10738
C7562
C4820
C6032
C12492
C4182
C3149
C6923
C9668
C7278
C4193
C6597
C4197
C4198
C2449
C4199
C4200
C2006
C13696
C5307
C13382
C9375
C4212
C3879
C5137
C4217
C879
C4223
C13856
C1069
C5066
C4236
C5766
C5221
C165
C4239
C4240
C11905
C5392
C9291
C6508
C4254
C4762
C4259
C4261
C4265
C4268
C1199
C5751
C4274
C4483
C4276
C5365
C987
C12897
C10430
C4951
C4284
C4285
C6258
C4292
C7228
C13601
C4297
C6500
C6747
C4299
C5704
C4305
C9210
C4309
C12224
C4311
C2396
C7366
C4312
C850
C4313
C8503
C9392
C4322
C13609
C4326
C6938
C9419
C1610
C10812
C6722
C4335
C7767
C4337
C4338
C4340
C2979
C4341
C6235
C9256
C285
C13339
C1922
C4350
C13219
C8895
C5696
C5183
C13799
C9963
C6570
C4750
C11129
C4361
C13823
C4362
C1889
C4370
C4371
C6160
C4372
C4373
C9847
C1612
C4376
C4377
C9303
C4378
C4381
C9246
C4382
C8015
C3183
C4393
C4395
C4398
C10659
C306
C4412
C4415
C4421
C3858
C4423
C7309
C4425
C4426
C2465
C4429
C4431
C4433
C4435
C4436
C2564
C4438
C7637
C4444
C11253
C8378
C4454
C13279
C4455
C7849
C4457
C8046
C4458
C100
C4459
C12601
C9393
C13744
C4466
C9062
C4470
C2321
C6606
C4476
C7613
C13654
C12269
C6543
C8052
C4714
C12448
C12357
C4496
C4497
C6955
C4501
C5308
C4502
C4503
C923
C6581
C3970
C4510
C10262
C11168
C4882
C2737
C4524
C6974
C4540
C12279
C4543
C4547
C10008
C9340
C4553
C6686
C13383
C6252
C6503
C9965
C7275
C4568
C6489
C4984
C4643
C305
C13762
C7332
C1981
C6811
C885
C5145
C1570
C13421
C9247
C8507
C8342
C4974
C2788
C6607
C12044
C816
C5191
C4605
C4608
C4620
C4623
C4629
C5374
C4631
C7288
C2152
C11363
C3851
C1459
C4640
C13166
C4648
C7515
C4652
C856
C9689
C2778
C4667
C4669
C4676
C10341
C4691
C9015
C4693
C1163
C1011
C10316
C4697
C1566
C4698
C4699
C9787
C10333
C4712
C633
C10762
C2230
C4718
C5760
C10831
C4719
C7102
C4725
C12987
C4414
C4558
C4730
C13323
C4731
C8071
C4734
C2752
C2726
C6260
C12148
C11522
C1212
C4737
C12260
C3215
C4756
C11698
C4744
C1744
C6740
C4751
C6608
C4761
C4772
C4196
C9373
C4781
C4783
C870
C4784
C6055
C4786
C4793
C4660
C4796
C4799
C4801
C4803
C4805
C4809
C5366
C909
C4814
C10737
C10310
C4815
C5296
C4825
C562
C5266
C4828
C4829
C6079
C4832
C4902
C12159
C4834
C5585
C11858
C3590
C6888
C4836
C4837
C4838
C9732
C2585
C7425
C7630
C4842
C13210
C4849
C11374
C12441
C4856
C4923
C4857
C4862
C11430
C2728
C4868
C12156
C5424
C6817
C1663
C4881
C4883
C4884
C4885
C4769
C8689
C5916
C4893
C5505
C4896
C6732
C4897
C4900
C7235
C4905
C3314
C5933
C9680
C12700
C4914
C4915
C6318
C4919
C11291
C4924
C4925
C4927
C4940
C4947
C13700
C4948
C3313
C893
C4953
C5024
C13854
C6715
C7377
C2359
C4963
C4964
C4966
C5773
C4973
C4975
C12367
C8175
C4988
C9498
C4992
C4994
C3872
C4997
C10018
C8163
C614
C5000
C5004
C5840
C3483
C7191
C5016
C8835
C589
C5025
C379
C5036
C13625
C5038
C12392
C5740
C5045
C6734
C12577
C8063
C5047
C9496
C6199
C5048
C5049
C9921
C5052
C13144
C5053
C5055
C11407
C2690
C5062
C462
C5618
C5080
C5409
C5088
C5091
C5092
C9144
C10175
C1474
C6048
C9374
C2042
C9296
C5116
C5117
C6877
C4606
C5120
C3714
C7847
C5139
C5143
C5151
C3296
C5158
C5159
C771
C5167
C5170
C7236
C5171
C12733
C13619
C9341
C7579
C7382
C5190
C12531
C11101
C3730
C6757
C11099
C3499
C8829
C5205
C12402
C5207
C1980
C5283
C5210
C5211
C5876
C5215
C5217
C7360
C13730
C2964
C5224
C7322
C11245
C11034
C11848
C5233
C6515
C5237
C5239
C5244
C5246
C5250
C5251
C9726
C5578
C5846
C8718
C5255
C10015
C5256
C4817
C5260
C4069
C5263
C5269
C2232
C11285
C7369
C9970
C9957
C5282
C7081
C5284
C5947
C10467
C7438
C37
C5285
C863
C7494
C5287
C7838
C10656
C5295
C4735
C6159
C5302
C5982
C8026
C7755
C5309
C7482
C2581
C8983
C5319
C11579
C11037
C5325
C5327
C5328
C5330
C5331
C11035
C6156
C9691
C2531
C679
C5341
C13832
C5914
C7311
C11779
C4833
C10536
C5364
C10295
C5369
C6721
C7136
C13699
C3452
C4779
C6240
C7965
C7669
C1300
C5395
C5399
C5400
C1756
C5404
C5408
C10317
C5412
C6071
C13604
C5413
C5416
C11471
C5422
C1403
C267
C5437
C13702
C5440
C5291
C2342
C5451
C5452
C10562
C7345
C5454
C5459
C11197
C5469
C5853
C4983
C5471
C8799
C5486
C5491
C3155
C11559
C6795
C1355
C4848
C5500
C5502
C5503
C7872
C5514
C4110
C5688
C7112
C5516
C5517
C5518
C1074
C1059
C6551
C6930
C5541
C6985
C5545
C5546
C5549
C3325
C5551
C5552
C11719
C11098
C12665
C1689
C5232
C5563
C13094
C5569
C5570
C5574
C5185
C5584
C4858
C5597
C12160
C1333
C5602
C2202
C3078
C11179
C5609
C10718
C5610
C5611
C11752
C5613
C9476
C5617
C9727
C11083
C13882
C5636
C5638
C5642
C5648
C4263
C5658
C7495
C1412
C5665
C6264
C3532
C5990
C10995
C2536
C103
C5682
C5686
C5687
C8087
C11641
C5690
C5693
C4082
C5694
C1559
C5699
C12632
C8199
C11753
C1817
C5710
C5875
C4224
C5711
C5719
C1516
C7023
C5723
C1545
C7520
C3750
C4788
C12821
C6135
C2207
C6742
C5743
C10020
C5753
C10468
C5758
C13248
C8500
C5767
C5783
C6402
C7098
C3762
C5787
C5793
C10657
C3998
C5797
C5798
C5800
C4427
C5802
C5804
C5805
C5812
C1455
C9101
C2379
C12743
C5828
C5829
C5834
C13047
C5842
C5844
C11878
C11649
C5845
C5851
C5863
C3245
C5867
C6663
C11514
C4933
C5878
C9558
C3189
C5348
C10433
C6178
C7085
C5888
C5889
C9385
C12845
C13607
C5909
C6388
C8022
C5911
C5912
C5925
C13198
C5940
C5943
C5945
C13763
C5946
C7133
C265
C5963
C5965
C10396
C6640
C5967
C9830
C5971
C4774
C5977
C8266
C5981
C8477
C4564
C5996
C6630
C13743
C7434
C6001
C6007
C6010
C3076
C6377
C7179
C611
C9747
C6018
C7291
C6019
C160
C6026
C13752
C6226
C2565
C3350
C6037
C6038
C6040
C6041
C9635
C6045
C4583
C5635
C6056
C12001
C5383
C6078
C4802
C13496
C6232
C6091
C6476
C6093
C7586
C6100
C4152
C13215
C6112
C6115
C11004
C2373
C6117
C6118
C6119
C6120
C6121
C6884
C6122
C6123
C6125
C1497
C6128
C12537
C12603
C2385
C6136
C6138
C2859
C6672
C4439
C6147
C6154
C6162
C12315
C6165
C9409
C6166
C13107
C6593
C12690
C6174
C6175
C7304
C5837
C6181
C10835
C12592
C6188
C6197
C6200
C6209
C2035
C12192
C11851
C7485
C3881
C6213
C6216
C6218
C6225
C6230
C6233
C6241
C2580
C6249
C6253
C2195
C1646
C6255
C10696
C6719
C6612
C13834
C6262
C13379
C11741
C6263
C6266
C6268
C6272
C5529
C6280
C6281
C6284
C6966
C6665
C449
C7276
C3128
C6287
C11696
C6288
C9695
C12941
C9755
C6294
C6317
C13192
C1374
C6325
C6328
C6330
C6331
C6342
C6751
C6352
C8734
C7334
C12744
C7867
C6762
C6359
C889
C6364
C6825
C6365
C12249
C8333
C5861
C11336
C9904
C6382
C6383
C4694
C6392
C6394
C6397
C3403
C6922
C1378
C6405
C12765
C6942
C2890
C2995
C13035
C6428
C110
C6432
C3338
C6438
C2191
C6445
C6446
C6447
C6448
C7967
C13264
C6467
C6470
C3639
C6471
C6473
C1246
C6477
C6480
C6482
C4468
C7333
C6487
C6488
C10711
C1574
C6495
C6499
C2118
C6501
C6506
C6511
C6512
C6522
C3777
C4713
C3440
C6527
C11637
C6533
C10061
C5429
C6534
C6535
C6682
C5487
C6541
C12360
C6542
C4478
C6552
C6553
C5455
C6554
C6555
C6556
C409
C6563
C6565
C6780
C9145
C3028
C6587
C6588
C6592
C11422
C4747
C5501
C6621
C8780
C6634
C6638
C8594
C2976
C10287
C6650
C10437
C6657
C8876
C3162
C6036
C6667
C6675
C6676
C6684
C3854
C6685
C6689
C4575
C6692
C5718
C6716
C6720
C3563
C11076
C7900
C950
C1856
C6755
C6760
C4749
C6761
C6764
C6773
C6782
C10342
C4929
C6785
C6786
C7271
C6025
C6794
C12368
C10867
C3051
C6814
C6815
C6578
C6819
C2227
C6821
C5882
C12909
C6842
C3748
C6846
C991
C9000
C1190
C6855
C12847
C7195
C12565
C6929
C3877
C6867
C1512
C6875
C10077
C6885
C10186
C6898
C6901
C6909
C6910
C6912
C6913
C6917
C6924
C8800
C6932
C7207
C6933
C10849
C6939
C6953
C13463
C9769
C7812
C10868
C13818
C6971
C6972
C939
C7805
C7164
C3102
C3596
C6990
C6991
C8181
C7004
C7005
C13127
C7008
C5483
C7009
C7016
C185
C7243
C7025
C7026
C7029
C5436
C7453
C7048
C5134
C7052
C7053
C476
C7054
C3761
C7060
C5301
C7858
C2795
C7089
C7091
C7092
C7093
C11863
C4219
C8332
C7097
C666
C7099
C7240
C7100
C7101
C7103
C9958
C7107
C7108
C8086
C3010
C7123
C7757
C155
C7142
C7147
C7154
C7155
C12244
C7169
C7170
C6837
C7172
C7119
C7175
C5140
C7177
C7168
C8370
C7189
C7205
C7952
C10966
C7290
C7210
C7214
C7223
C7230
C7231
C1339
C5161
C7234
C3576
C7269
C4890
C7270
C3573
C7274
C7277
C7279
C7306
C7308
C7313
C7316
C7325
C12963
C7330
C7331
C5272
C7346
C7347
C7348
C5770
C11269
C8201
C2203
C7363
C13508
C12005
C7364
C7365
C9059
C2212
C7371
C7372
C7373
C7374
C7379
C7391
C7395
C8492
C2826
C7396
C7399
C7404
C7405
C2629
C4469
C13042
C12412
C7431
C13806
C7451
C7456
C5960
C12322
C7464
C1483
C7472
C5880
C11810
C7479
C1001
C13444
C7484
C3602
C8029
C2178
C7496
C7509
C7540
C7516
DieB 8211
C13906
C13903
C13899
C13898
C13890
C13884
C13883
C13870
C13868
C13865
C13864
C13861
C13851
C13847
C13837
C13836
C13822
C13798
C13796
C13795
C13793
C13792
C13791
C13785
C13780
C13778
C13775
C13774
C13771
C13766
C13758
C13756
C13755
C13750
C13749
C13739
C13737
C13735
C13717
C13716
C13711
C13709
C13707
C13706
C13705
C13688
C13687
C13685
C13683
C13679
C13678
C13676
C13675
C13669
C13905
C13663
C13650
C13649
C13646
C13645
C13643
C13642
C13639
C13636
C13633
C13632
C13631
C13617
C13595
C13592
C13591
C13585
C13580
C13571
C13570
C13567
C13564
C13563
C13562
C13560
C13559
C13557
C13555
C13554
C13553
C13548
C13547
C13539
C13538
C13536
C13535
C13534
C13530
C13523
C13505
C13503
C13495
C13491
C13489
C13488
C13486
C13481
C13480
C13473
C13471
C13458
C13456
C13455
C13440
C13438
C13437
C13436
C13435
C13427
C13424
C13419
C13403
C13402
C13400
C13393
C13389
C13387
C13386
C13376
C13369
C13362
C13356
C13345
C13343
C13334
C13333
C13332
C13328
C13322
C13321
C13320
C13315
C13304
C13303
C13302
C13296
C13294
C13288
C13284
C13271
C13267
C13475
C13265
C13253
C13245
C13244
C13243
C13242
C13237
C13236
C13235
C13232
C13231
C13224
C13209
C13207
C13206
C13197
C13182
C13181
C13179
C13177
C13175
C13173
C13172
C13171
C13163
C13161
C13160
C13157
C13156
C13155
C13153
C13152
C13147
C13138
C13135
C13125
C13124
C13311
C13123
C13120
C13118
C13117
C13115
C13159
C13114
C13289
C13088
C13098
C13075
C13074
C13073
C13072
C13070
C13068
C13064
C13062
C13061
C13059
C13058
C13057
C13055
C13054
C13044
C13037
C13036
C13032
C13031
C13030
C13028
C13026
C13023
C13012
C13011
C13008
C13007
C13006
C12997
C12994
C12993
C12988
C12984
C12982
C12977
C12976
C12975
C12974
C12973
C12971
C12970
C12969
C12960
C12958
C12955
C12954
C12940
C12938
C12936
C12934
C12930
C12929
C12928
C12927
C12923
C12922
C12921
C12917
C13086
C12904
C13139
C12903
C12885
C12884
C12883
C12881
C12879
C12877
C12875
C12874
C12870
C12868
C12864
C12863
C12862
C12858
C12857
C13540
C12842
C12837
C12834
C12815
C13269
C12800
C12798
C12797
C12785
C12784
C12780
C12779
C12778
C12772
C12771
C12768
C12755
C12753
C12749
C12738
C12727
C12723
C12720
C12719
C12711
C12709
C12708
C12706
C12699
C12697
C12688
C12687
C12671
C12670
C12662
C12660
C12658
C12657
C12656
C12653
C12652
C12651
C12649
C12648
C12777
C12646
C12645
C12625
C12615
C12614
C12613
C12611
C12588
C12587
C12582
C12574
C12571
C12569
C12563
C13397
C12560
C12557
C12549
C12548
C12547
C12546
C12539
C12538
C13584
C12534
C12533
C12529
C12515
C12514
C12507
C12503
C13494
C12488
C12487
C12486
C12482
C12478
C12474
C12473
C12472
C12470
C12468
C12466
C12459
C12454
C12440
C12436
C12434
C12433
C12427
C12419
C12418
C12416
C12413
C12409
C12401
C12400
C12398
C12475
C12397
C12394
C12389
C12387
C12386
C12374
C12372
C12352
C12351
C12348
C12345
C12344
C12339
C12338
C12336
C12334
C12329
C12363
C12328
C12312
C12767
C12311
C12310
C12305
C12303
C12296
C12292
C12289
C12294
C12285
C12284
C12281
C12278
C12257
C12253
C12245
C12239
C12654
C12233
C12228
C12227
C12221
C12220
C12218
C12214
C12213
C12211
C12208
C12203
C12202
C12201
C12199
C12198
C12189
C12188
C12187
C12185
C12184
C12183
C12182
C12181
C12179
C13808
C12178
C12175
C12174
C12172
C12164
C12163
C12157
C12147
C12144
C12143
C12142
C12136
C12135
C12871
C12129
C12127
C12125
C12124
C12115
C12291
C12217
C12113
C12111
C12110
C12098
C12097
C12090
C12089
C12088
C12081
C12079
C12078
C12077
C13784
C12067
C12064
C12062
C12060
C13733
C12056
C12055
C12054
C12737
C12049
C13838
C12039
C12038
C12032
C12031
C12782
C12030
C12023
C12018
C12016
C12014
C11990
C11989
C11988
C11984
C11976
C11975
C11967
C11964
C11959
C11958
C11955
C13768
C13558
C11954
C11949
C11948
C12407
C11939
C11938
C11937
C11934
C11929
C11928
C11927
C11924
C11923
C11922
C11921
C11914
C11913
C11912
C11911
C11910
C13886
C11908
C11892
C11891
C11890
C11888
C11884
C11883
C11882
C11880
C11872
C11871
C11870
C11867
C11866
C11865
C12792
C11844
C11843
C11842
C12258
C11840
C11835
C11834
C11833
C11827
C11826
C11823
C11821
C11820
C13877
C11818
C12219
C11802
C11800
C11797
C11794
C11793
C11792
C11791
C12247
C11789
C11784
C11783
C11868
C11777
C11776
C11775
C11766
C11761
C11760
C11759
C11758
C11747
C13063
C11745
C11736
C11734
C11731
C11723
C11994
C11717
C13329
C11714
C11706
C11702
C11693
C11692
C11689
C11680
C11679
C11677
C12133
C11667
C11665
C11664
C11660
C11656
C12033
C11654
C11644
C11642
C11631
C12643
C11628
C11625
C11624
C12375
C11621
C11722
C11618
C11615
C11614
C11609
C13561
C11594
C11591
C11587
C11577
C11674
C11576
C11575
C11572
C11571
C11570
C11568
C11567
C11566
C11555
C11554
C11542
C11541
C11538
C11537
C11533
C11532
C11528
C11527
C11785
C11511
C11529
C11496
C11495
C11494
C11493
C11492
C11482
C11476
C11475
C11469
C11461
C11458
C11454
C11453
C11452
C11451
C11450
C11449
C11448
C11447
C11443
C11426
C11425
C13318
C13196
C11424
C11423
C11418
C11412
C11411
C11405
C11404
C13448
C11394
C11390
C11384
C11383
C11382
C11381
C11369
C11367
C13589
C12017
C11362
C11361
C11359
C11356
C11355
C11351
C11347
C11346
C11344
C11341
C11340
C11328
C11327
C11326
C11313
C11309
C12420
C11303
C11302
C11301
C11299
C11298
C11297
C11296
C11288
C11965
C12925
C12686
C11274
C11272
C11268
C11267
C11266
C11260
C11258
C11257
C11256
C11254
C11817
C11247
C13233
C11236
C11234
C11232
C11231
C11683
C12226
C11224
C11223
C11220
C12114
C11219
C11217
C11216
C11909
C11211
C12619
C11201
C13266
C11200
C11193
C11191
C11190
C11188
C11185
C11184
C11177
C12504
C11176
C13270
C11174
C11992
C11162
C11159
C11158
C11156
C11151
C11149
C13769
C11142
C11138
C11137
C11136
C11130
C11127
C11123
C11121
C11120
C12396
C11109
C11108
C12698
C11107
C11106
C11105
C11104
C11096
C11746
C11073
C11065
C11207
C11064
C11063
C13202
C11060
C12506
C11048
C11042
C11040
C11039
C11032
C11030
C11028
C11795
C11026
C11024
C13293
C11023
C11022
C11020
C13065
C11009
C11008
C11007
C11006
C11307
C10986
C10985
C10981
C13734
C10977
C10976
C10975
C10974
C10972
C10970
C10960
C10959
C11140
C10957
C12794
C10952
C10951
C10946
C10943
C10942
C10939
C10938
C10937
C11058
C12091
C10926
C10923
C10920
C10914
C10912
C12347
C12624
C10895
C10893
C10891
C10890
C10889
C10886
C10884
C10883
C13661
C10876
C10873
C10871
C11540
C10870
C10869
C10864
C10861
C10858
C10853
C10852
C11312
C10851
C10838
C10836
C10829
C10828
C10819
C10808
C10807
C10804
C10803
C10802
C10799
C10797
C10792
C10786
C10784
C10781
C10771
C10768
C10767
C13312
C10766
C10765
C10763
C10758
C10747
C10745
C10744
C10742
C10739
C10735
C10734
C10726
C10725
C10717
C10709
C10708
C10705
C10699
C10695
C11462
C10694
C10691
C10685
C10683
C10681
C10677
C10676
C10675
C10672
C10668
C10653
C10649
C10648
C12866
C10639
C11235
C10631
C10624
C11593
C10623
C10622
C10620
C12194
C10610
C11391
C10594
C10587
C10579
C10578
C10576
C13418
C10567
C10563
C10609
C10552
C10551
C10548
C10546
C10543
C10773
C10541
C10534
C10533
C10527
C10525
C10518
C12141
C10515
C10514
C10508
C10507
C10504
C10503
C10497
C10496
C11730
C10492
C10491
C10485
C10484
C12216
C10483
C10482
C10477
C12196
C10469
C10461
C10460
C10448
C12856
C10447
C10446
C10441
C10440
C10439
C11816
C10426
C10425
C10424
C10423
C11590
C10422
C10421
C10420
C10415
C10414
C10413
C10412
C10411
C10407
C10406
C10405
C10402
C10401
C10400
C10399
C10398
C10397
C10388
C10386
C10385
C10384
C12065
C10381
C10372
C10371
C10369
C10368
C10367
C12770
C10348
C10330
C10322
C10320
C11049
C10319
C10318
C10315
C10304
C10303
C10759
C10289
C10284
C10283
C10282
C10281
C10276
C10275
C10273
C10271
C10266
C10265
C10256
C12229
C11072
C10249
C10248
C12818
C10247
C11221
C10245
C10239
C10235
C10233
C10230
C10229
C10228
C10227
C10224
C10223
C10216
C10213
C10211
C10209
C10206
C10197
C10194
C10185
C10184
C10182
C10181
C10180
C10177
C12793
C13122
C10170
C10168
C10167
C10166
C10165
C10163
C10693
C10161
C10154
C13893
C10153
C10152
C10151
C10147
C10145
C10142
C10135
C10134
C10131
C10130
C11290
C10124
C13651
C11946
C10123
C10121
C10120
C11349
C10119
C10106
C10104
C10103
C10102
C10100
C10098
C13111
C12607
C11160
C10092
C10090
C10087
C13765
C10086
C10075
C10074
C10073
C13169
C10072
C10070
C10067
C13100
C10059
C10054
C10053
C10048
C10306
C10042
C10041
C10040
C10193
C11707
C10031
C10028
C10027
C12195
C10014
C10011
C10001
C9999
C9985
C9979
C9977
C13533
C9976
C9975
C10778
C9955
C10212
C10290
C9951
C9950
C9947
C12992
C9946
C9944
C9943
C9942
C9941
C9939
C9935
C9933
C9928
C9924
C9919
C13640
C9912
C9907
C9906
C9903
C9902
C9898
C9897
C9896
C9892
C9887
C9886
C9884
C9883
C10022
C9880
C9871
C9870
C13485
C9869
C9868
C9867
C9866
C9864
C9861
C9859
C9857
C12048
C10550
C9855
C13066
C9844
C9843
C9842
C9837
C9825
C9821
C9820
C9819
C9816
C9813
C9812
C9799
C9798
C9795
C9791
C12490
C9781
C9780
C9778
C9776
C9775
C9773
C9771
C12509
C9745
C9744
C9735
C9785
C9734
C9733
C9729
C11210
C9728
C9724
C9722
C9720
C9718
C13420
C12313
C9713
C9712
C9711
C9706
C9701
C9694
C12414
C10139
C10682
C9662
C9661
C9657
C9656
C9653
C9649
C12835
C11831
C9648
C9641
C9638
C9629
C13305
C9628
C9626
C9615
C9613
C9612
C12873
C9611
C9608
C13010
C9601
C9600
C9589
C9588
C9587
C9586
C9585
C9581
C9580
C9579
C9578
C9570
C9569
C9568
C9567
C9562
C9561
C9559
C9984
C9554
C12222
C9549
C9547
C9544
C9533
C9531
C9530
C9529
C9528
C9917
C9609
C9511
C9510
C9509
C9508
C9502
C9501
C9500
C9494
C9492
C9490
C9488
C9487
C9486
C9483
C9482
C9480
C9475
C9473
C9471
C9470
C9458
C9457
C9455
C9454
C9453
C9447
C10755
C9440
C9439
C9438
C9431
C9430
C9429
C10896
C9428
C9777
C9427
C12626
C9426
C9424
C11262
C9423
C9420
C13776
C9407
C9406
C9405
C9403
C9399
C9398
C13682
C9391
C9390
C11887
C9381
C10263
C9379
C9378
C9376
C9369
C9367
C9364
C9363
C11311
C9355
C9353
C9349
C9347
C9337
C9336
C9331
C12426
C9575
C9325
C10305
C9324
C9323
C9322
C9321
C9320
C9319
C9318
C9317
C10863
C9311
C9310
C9308
C9307
C9290
C9287
C9286
C9285
C9281
C13060
C9278
C11966
C9277
C9276
C9274
C12819
C11331
C9263
C9262
C12123
C9261
C9259
C13879
C9254
C9253
C9252
C9250
C9244
C10195
C9242
C9241
C9240
C9237
C9723
C9236
C9234
C11325
C9832
C9231
C13670
C9222
C9221
C9220
C11155
C9205
C9201
C9199
C9196
C9194
C9193
C9186
C11889
C9179
C12353
C13821
C9155
C12606
C9174
C9150
C9148
C12193
C9135
C9131
C9130
C9129
C9123
C11697
C10707
C9114
C9112
C9111
C9108
C11392
C9100
C9099
C11122
C9772
C9093
C10076
C9092
C9576
C9086
C9085
C9082
C9081
C9080
C9079
C9075
C9071
C9070
C9068
C9862
C9067
C9176
C10826
C12528
C11701
C9057
C9255
C9056
C9055
C9054
C11339
C9053
C9052
C9051
C9043
C9041
C9040
C10246
C9038
C9037
C9035
C9033
C12814
C9032
C9030
C9029
C9028
C9027
C13736
C9025
C9024
C9023
C9022
C9074
C9017
C8996
C8993
C8991
C8987
C8986
C8985
C8982
C9280
C8981
C8980
C8979
C8977
C8973
C8971
C13659
C8962
C8961
C8957
C8955
C8953
C8951
C8950
C8949
C9639
C8947
C8944
C8943
C8942
C8931
C9338
C8922
C12822
C8921
C8920
C8919
C10998
C8915
C8914
C13368
C8913
C8909
C8908
C10837
C8906
C8905
C8903
C8902
C8900
C13105
C8899
C8897
C8896
C13843
C8892
C8891
C11387
C8890
C8889
C8886
C8884
C9425
C8883
C8882
C8881
C10618
C8870
C8869
C8868
C11348
C8856
C8854
C8849
C8848
C8843
C10099
C8838
C8837
C8836
C8833
C8832
C13575
C10164
C8831
C8822
C12991
C8819
C8818
C8817
C13254
C11324
C8816
C10000
C8811
C8809
C11616
C8808
C8807
C9663
C8805
C8803
C9507
C9552
C8792
C8789
C12996
C8770
C8769
C8765
C8763
C8761
C8755
C8752
C8751
C8746
C8745
C8737
C9232
C8732
C9350
C8727
C8726
C8724
C8716
C8715
C8714
C8712
C8710
C8709
C8707
C8700
C8695
C8692
C8691
C8688
C8687
C8685
C8684
C8744
C8681
C8672
C8661
C8660
C8659
C8658
C8654
C13566
C8653
C8652
C13027
C8651
C8650
C12232
C8649
C8647
C8646
C8642
C11029
C8641
C11112
C8640
C8638
C8618
C8617
C8616
C9213
C12809
C8604
C9918
C8603
C8601
C8600
C13385
C8599
C8596
C8586
C12146
C8582
C8580
C8578
C8573
C8571
C8564
C12839
C8557
C8556
C8555
C8554
C8553
C8552
C8550
C8548
C8546
C8545
C11433
C8535
C8534
C8531
C8530
C12558
C9170
C8528
C8524
C8519
C8516
C8514
C8510
C8498
C8496
C8494
C8539
C8490
C8489
C8487
C8485
C8484
C8483
C8473
C9782
C8469
C8468
C8467
C8464
C8462
C8515
C8460
C8459
C8458
C8452
C8451
C8446
C8440
C8793
C8436
C8435
C9195
C8431
C8430
C8428
C8427
C8416
C8414
C10859
C8413
C8408
C10010
C8862
C12981
C8396
C9448
C8643
C8391
C8384
C8383
C8381
C8380
C8375
C8368
C8367
C9925
C8366
C10416
C8365
C8364
C8357
C8356
C8355
C8353
C8352
C8351
C13295
C10632
C8347
C8337
C8331
C8330
C8328
C9707
C8324
C8321
C8320
C8318
C8317
C8316
C8310
C8309
C13770
C8307
C8305
C12471
C8304
C8302
C8301
C8297
C8296
C9332
C8294
C10024
C9397
C8293
C8292
C8290
C8289
C8288
C10956
C8280
C8279
C8275
C8274
C8273
C12117
C8272
C8271
C10253
C8263
C8262
C8258
C13660
C8247
C8245
C8241
C12623
C8239
C8237
C9627
C8236
C8235
C9133
C8234
C8969
C8233
C8232
C8230
C8228
C8227
C13537
C8224
C8223
C12248
C8222
C8221
C8219
C8217
C8209
C8208
C8205
C8203
C8195
C8193
C8192
C8191
C13634
C8187
C8180
C8972
C8177
C13577
C8171
C8170
C8169
C8810
C8168
C8166
C8165
C8161
C8159
C8158
C8157
C8156
C8153
C8151
C8150
C8149
C8147
C8145
C10312
C10071
C8141
C8137
C8135
C8133
C12349
C8918
C8131
C8130
C8129
C9948
C8128
C8127
C8123
C8122
C8121
C8120
C8113
C8111
C8154
C8110
C8109
C8106
C13615
C8102
C10909
C8100
C13658
C10210
C8725
C12015
C8078
C8077
C9312
C8073
C8072
C8066
C8064
C12086
C12920
C8055
C8054
C12622
C8051
C8050
C8038
C12523
C8037
C13590
C12861
C8031
C8019
C8014
C8013
C8012
C8010
C8009
C8008
C10619
C8006
C8005
C8602
C8004
C8513
C10547
C8000
C8954
C7999
C7998
C7997
C7996
C7995
C7993
C12513
C7991
C7989
C11626
C7985
C7983
C7981
C8488
C7975
C13596
C8840
C7973
C7969
C7956
C7951
C7950
C7949
C7948
C11067
C9485
C7937
C7936
C7929
C11574
C7925
C7921
C7917
C7916
C10892
C7913
C7911
C7909
C7908
C11675
C13340
C12479
C9693
C7896
C7895
C13426
C7894
C13673
C7884
C7882
C7879
C7878
C7877
C7876
C7871
C7865
C7863
C7862
C11463
C7860
C7856
C7855
C7854
C7853
C9251
C7841
C7835
C7834
C7833
C7832
C7827
C10770
C7826
C7825
C7824
C8339
C7823
C7822
C7821
C13178
C8056
C7820
C7819
C11338
C10366
C7815
C7814
C7813
C7811
C12919
C7810
C7807
C13810
C7803
C10146
C7802
C11790
C10234
C7800
C8917
C12945
C7790
C10516
C7789
C7782
C7781
C11323
C11655
C9306
C7769
C10029
C7766
C7764
C12373
C9978
C7753
C12783
C7750
C7745
C8475
C7736
C7735
C7734
C7731
C7730
C7729
C7728
C7727
C7726
C7725
C7723
C7720
C7719
C7717
C7715
C7714
C7713
C7712
C7710
C7708
C7707
C7706
C7704
C7696
C7695
C7694
C7693
C7692
C7691
C7690
C7689
C7686
C7685
C11661
C7678
C10796
C7668
C7664
C7663
C7662
C7661
C7657
C12788
C10470
C7655
C11124
C13638
C7649
C9289
C7648
C7647
C7645
C7641
C7640
C10647
C7635
C7634
C7633
C7627
C9721
C7626
C7622
C7621
C7611
C7610
C12061
C7636
C7608
C7604
C7602
C13787
C11410
C10457
C7601
C13863
C7598
C7597
C7596
C7593
C12254
C8676
C7592
C7591
C7589
C7588
C8001
C7585
C7583
C9936
C10821
C7619
C7570
C7569
C7566
C7564
C7560
C7558
C10915
C8648
C7555
C7553
C7552
C7551
C12467
C7546
C7545
C11716
C10608
C7542
C8065
C7541
C7539
C7537
C8547
C7536
C12933
C7531
C7530
C7818
C7529
C12586
C7526
C12573
C11743
C7525
C3732
C5058
C2338
C3709
C3706
C3703
C13657
C3699
C3693
C8970
C174
C3686
C3685
C3680
C2481
C3671
C3669
C9452
C3666
C12429
C3662
C10023
C2053
C4494
C2526
C5414
C13170
C13662
C3650
C4489
C6695
C4147
C3641
C3627
C3624
C6562
C3620
C11133
C3613
C3612
C8240
C2747
C3611
C10361
C6167
C3606
C3049
C3604
C3599
C3597
C5441
C6806
C404
C3634
C11255
C3584
C3583
C3572
C5006
C3568
C5461
C3386
C2975
C1517
C3556
C9710
C11457
C6291
C3548
C4234
C4644
C11289
C1987
C5536
C4064
C3539
C3536
C9224
C3530
C10944
C3528
C10955
C13777
C3518
C8229
C3511
C5110
C7418
C7955
C3507
C3505
C10241
C9882
C4846
C3490
C8945
C1891
C12636
C3628
C3481
C10997
C1202
C3472
C12267
C3470
C3465
C5057
C3460
C9503
C891
C3458
C3456
C835
C345
C11021
C2170
C3231
C5103
C10971
C10753
C3438
C3429
C3785
C3428
C2528
C7732
C477
C3420
C3418
C6176
C3416
C3534
C1492
C6231
C5398
C8253
C3566
C3413
C6523
C3412
C12728
C3409
C4916
C9768
C5655
C6407
C3401
C1405
C3392
C3391
C7703
C3388
C5375
C12087
C3381
C3380
C8523
C3369
C3359
C11419
C3353
C3347
C3346
C1648
C10242
C8076
C2875
C3345
C7116
C8011
C3340
C3337
C3336
C7918
C3334
C3332
C3327
C1480
C11512
C5821
C2129
C3319
C3318
C12878
C1588
C3315
C3312
C3311
C5032
C13479
C3535
C11212
C4050
C6169
C7957
C3305
C6633
C3463
C1986
C5752
C3299
C71
C3617
C9031
C7743
C5605
C3292
C5212
C2487
C1866
C3274
C3674
C8405
C6059
C3199
C13433
C6206
C12707
C4404
C3264
C6822
C9577
C3254
C3697
C3247
C9532
C3739
C9459
C6579
C2269
C9493
C3232
C152
C13025
C5651
C3220
C3214
C3213
C1657
C5616
C6834
C283
C3201
C12937
C3200
C5270
C5621
C3195
C3193
C5206
C9132
C10919
C8178
C3787
C7881
C7768
C6529
C10349
C3186
C13067
C3594
C8974
C1031
C6319
C5848
C3159
C5405
C9945
C3146
C3144
C1715
C3142
C3141
C5376
C5974
C1694
C7315
C3647
C3512
C3125
C9560
C3122
C13319
C5927
C3121
C786
C371
C13423
C4161
C13549
C1674
C5571
C9838
C3116
C10389
C3114
C6632
C3527
C6427
C13113
C8108
C367
C5149
C3105
C3093
C13029
C8404
C2126
C3960
C3090
C3089
C13718
C8680
C2843
C3625
C11019
C3072
C10219
C5956
C3119
C4538
C3067
C13208
C3148
C3054
C3570
C3993
C10698
C7595
C12122
C668
C7039
C3047
C3046
C3042
C3593
C4308
C7511
C92
C3029
C3019
C8474
C3253
C1864
C5539
C3014
C10908
C3005
C3004
C3362
C3000
C8206
C12511
C8806
C7500
C2989
C13388
C2986
C2984
C2983
C2982
C3342
C11864
C1788
C4207
C8047
C3113
C6484
C10208
C8741
C2969
C3664
C1527
C12383
C2965
C536
C2963
C6277
C2959
C12074
C459
C2958
C7019
C13272
C2953
C2952
C3834
C5705
C9518
C2943
C12316
C478
C2932
C9481
C1349
C10149
C2874
C1206
C2928
C9640
C1740
C4831
C3303
C2921
C2920
C2918
C9633
C6381
C2916
C9565
C13363
C8517
C7875
C6130
C6808
C2550
C7914
C5886
C12524
C2905
C3510
C3045
C2900
C13783
C3598
C5234
C7567
C710
C3333
C5168
C8204
C2886
C6590
C2882
C12096
C2873
C13132
C10980
C1396
C13119
C3810
C2865
C9797
C2327
C6783
C8093
C2855
C458
C2845
C4878
C2835
C2834
C372
C7666
C2257
C3330
C13490
C2821
C10800
C2820
C10013
C1406
C2729
C2111
C1627
C2803
C3474
C2802
C2800
C2794
C2791
C2858
C4663
C5806
C12034
C4486
C3044
C4678
C1679
C12480
C2779
C938
C7428
C5588
C2772
C11337
C3270
C2771
C6006
C2770
C10189
C514
C5433
C1061
C5573
C7705
C6871
C2758
C7305
C2757
C4850
C5464
C6452
C2746
C12166
C507
C6605
C8735
C748
C11643
C10311
C7828
C3516
C2727
C1791
C3731
C2721
C3021
C2716
C4654
C8018
C5044
C8243
C6239
C2707
C11388
C3654
C3082
C5577
C5027
C968
C9652
C6958
C5932
C7892
C10542
C2700
C4357
C3236
C12817
C10857
C9107
C2155
C11350
C4860
C2697
C2266
C2947
C12066
C2687
C869
C6153
C13550
C9849
C2679
C2678
C428
C2223
C3677
C3015
C8821
C8495
C2673
C2670
C11822
C2422
C12510
C11031
C5992
C12139
C6559
C5759
C7295
C10478
C659
C8742
C4599
C10697
C8568
C2652
C2861
C5695
C13815
C9702
C4741
C9743
C30
C2647
C10839
C10573
C8457
C2643
C1635
C2638
C2636
C2635
C7984
C980
C4495
C13572
C2628
C2627
C11079
C2777
C5849
C3027
C6992
C7000
C10463
C12769
C6897
C6717
C2616
C13009
C2612
C8248
C10324
C9546
C12346
C2602
C12469
C3335
C3999
C2601
C10704
C4446
C2592
C2935
C254
C2590
C2586
C12252
C11668
C2584
C6694
C2970
C2583
C1602
C2582
C6869
C2573
C2471
C3869
C9207
C2571
C2570
C2568
C2999
C13551
C3434
C1010
C9225
C13390
C828
C7229
C2208
C10055
C2908
C2552
C4895
C13133
C10066
C2544
C10564
C2250
C2537
C7681
C2798
C2533
C2532
C3211
C2527
C6380
C9345
C4571
C9264
C2520
C1854
C2512
C2508
C2499
C12138
C573
C11186
C2955
C2494
C3885
C6915
C6847
C13881
C6314
C13738
C12388
C6424
C2483
C11845
C4397
C2472
C1184
C8512
C2468
C2493
C3069
C815
C2459
C9655
C7264
C6889
C2464
C2446
C2445
C3243
C948
C25
C9160
C2441
C2439
C1915
C2434
C11735
C427
C2431
C3341
C9630
C12618
C2429
C4210
C2426
C572
C11531
C2421
C1836
C13205
C2412
C5531
C2410
C2931
C9275
C3503
C2409
C3251
C2702
C2408
C3397
C3212
C2895
C3064
C12025
C12165
C190
C5939
C2394
C2391
C2902
C9651
C3271
C3133
C12661
C2717
C2383
C3365
C2374
C8864
C2370
C3684
C2369
C12234
C2368
C4077
C914
C6596
C2749
C1472
C2357
C2356
C2355
C5724
C11432
C5352
C11744
C4369
C2347
C9125
C2346
C5306
C10138
C2344
C3700
C12841
C8788
C3366
C1292
C11209
C2333
C2473
C3682
C5850
C4521
C2332
C12608
C2325
C2324
C6238
C9566
C2317
C3937
C6776
C3728
C2314
C1125
C1225
C11957
C4117
C6104
C2301
C2768
C2298
C3773
C8998
C2295
C3508
C9519
C6054
C2284
C10270
C323
C2281
C8667
C5830
C2279
C13136
C2278
C10148
C5532
C2277
C5894
C2839
C741
C3814
C402
C2268
C966
C2261
C2711
C4138
C2260
C2819
C2217
C5607
C2253
C2246
C9826
C2372
C10566
C2241
C2240
C3216
C5468
C2237
C8995
C5644
C2229
C796
C3478
C2903
C2226
C9703
C2221
C11933
C5543
C3729
C8308
C7784
C3660
C3137
C6374
C8721
C2213
C5700
C2420
C1849
C6544
C12811
C2198
C2197
C11573
C8101
C3468
C3070
C1494
C351
C8434
C5957
C1917
C2957
C2177
C2876
C11038
C8215
C6387
C2853
C2686
C2365
C10565
C3344
C2797
C2165
C10779
C2164
C5460
C2163
C3408
C2162
C7801
C3302
C2642
C5372
C9279
C7756
C6245
C2159
C13398
C5357
C5847
C2404
C181
C2941
C6882
C5504
C2148
C13401
C5993
C2145
C2293
C2297
C8587
C269
C8583
C2362
C2137
C707
C281
C10314
C7321
C2135
C2133
C13457
C2132
C7203
C82
C6080
C234
C3165
C10574
C1721
C2328
C2120
C2112
C1682
C9401
C2173
C11956
C2104
C2102
C3179
C8167
C2099
C2095
C1400
C13858
C4742
C10724
C12483
C3614
C6324
C5480
C5580
C3175
C2084
C6096
C6339
C2722
C9352
C2083
C11841
C3986
C2081
C2079
C1649
C11358
C2181
C1601
C6969
C5728
C11470
C2069
C11653
C356
C11068
C1991
C2064
C10927
C1961
C8196
C5762
C8311
C11154
C10026
C3410
C344
C2045
C7122
C4167
C2448
C7130
C7797
C2044
C2037
C2032
C2030
C2026
C2458
C8853
C2020
C756
C2018
C2017
C9548
C1620
C4465
C2014
C2010
C5028
C2009
C684
C5561
C1417
C6145
C214
C348
C2782
C1996
C7709
C2337
C2456
C8497
C5780
C2541
C1977
C1971
C1970
C1969
C12059
C8238
C11931
C10688
C10459
C8369
C2252
C11633
C3721
C1966
C734
C1964
C3256
C1963
C1962
C7786
C4726
C2505
C9700
C4449
C1955
C6820
C2648
C6595
C1951
C10922
C6956
C3331
C1946
C7042
C1943
C10267
C1941
C13552
C9553
C8720
C1939
C845
C1937
C10671
C1088
C836
C8699
C2662
C2892
C13240
C1714
C3649
C3469
C4980
C9705
C11377
C11222
C390
C6028
C7543
C4658
C4052
C2793
C1925
C10584
C1924
C308
C3309
C9841
C5738
C722
C11765
C6490
C6779
C3032
C7793
C1230
C2530
C6142
C1903
C1902
C13204
C2011
C12522
C10686
C7417
C9986
C3006
C2419
C1900
C8537
C5371
C1899
C1898
C7912
C2222
C1897
C5021
C3547
C1894
C8683
C1468
C1892
C1408
C4991
C5761
C6931
C13704
C4031
C4791
C1887
C8334
C2589
C1885
C3326
C1882
C3424
C2634
C1880
C2276
C3567
C2956
C12789
C8216
C849
C7506
C2961
C1870
C12215
C8148
C4417
C6228
C6954
C11932
C2299
C4098
C12200
C7158
C12583
C2942
C1862
C6674
C5012
C1859
C2063
C1855
C1409
C2577
C2418
C12781
C10710
C1847
C5126
C11623
C1843
C493
C11229
C2150
C1841
C1839
C2933
C6743
C2681
C3153
C1837
C6469
C2994
C1289
C5949
C1936
C13287
C1832
C943
C12572
C7864
C7248
C1461
C3110
C5843
C1831
C8299
C5989
C1829
C3479
C1179
C9202
C5443
C11161
C8267
C495
C3033
C4232
C4552
C2504
C6151
C3080
C3157
C2107
C874
C3630
C5129
C5697
C7017
C7446
C8511
C13710
C10244
C2518
C13099
C12177
C1976
C5987
C2204
C4300
C167
C9659
C1358
C2403
C5572
C1804
C867
C3941
C10419
C2052
C1803
C2254
C1802
C1274
C1800
C1799
C12972
C8924
C425
C1975
C11968
C5172
C1794
C806
C2280
C5525
C1793
C9911
C13849
C12337
C10136
C3294
C1783
C798
C338
C12859
C1774
C2360
C9185
C848
C3883
C1768
C8615
C1554
C10085
C12872
C4103
C2028
C1754
C1775
C294
C4004
C1763
C1697
C4560
C11166
C6609
C7584
C2289
C11167
C4280
C1742
C10254
C5467
C823
C3633
C1634
C2542
C1789
C1739
C108
C766
C5852
C2639
C273
C12304
C9865
C9792
C5735
C1344
C7051
C765
C3400
C202
C4819
C8711
C11
C954
C750
C1853
C1639
C10934
C10387
C8698
C5313
C11982
C7359
C11993
C743
C10875
C2462
C320
C742
C3495
C2024
C737
C3580
C2936
C736
C4597
C11606
C7923
C730
C3217
C13357
C11119
C218
C725
C13788
C28
C3444
C7842
C12223
C2242
C1948
C587
C7740
C3101
C2689
C2774
C1033
C2614
C713
C5936
C711
C808
C1144
C423
C1153
C2179
C2640
C1215
C3710
C1454
C2258
C700
C4420
C8220
C1321
C5339
C2154
C681
C336
C13131
C2225
C12555
C624
C1912
C1479
C13234
C8291
C1351
C1593
C7150
C3562
C2326
C11627
C2927
C8994
C555
C1576
C4156
C2074
C12530
C658
C2696
C10238
C3967
C1146
C10157
C391
C6626
C1546
C4922
C1348
C8708
C636
C3812
C1914
C560
C1919
C7249
C1861
C3111
C106
C11544
C1041
C539
C4611
C3800
C820
C12231
C7328
C2025
C728
C12735
C4840
C10278
C13452
C13097
C880
C496
C12324
C920
C10621
C693
C5519
C223
C3050
C2894
C12869
C5411
C2708
C616
C1745
C1288
C3884
C10932
C73
C8963
C776
C3519
C1959
C2122
C1687
C3339
C1787
C2190
C6219
C4767
C6792
C799
C579
C13273
C601
C11259
C8146
C1867
C1650
C1362
C597
C3112
C3329
C1329
C10030
C1336
C3558
C3030
C1857
C3541
C2543
C10329
C10862
C1532
C5152
C696
C1560
C3120
C3065
C1978
C6270
C11427
C6444
C13712
C8728
C1214
C10769
C1323
C11798
C6651
C821
C12627
C12421
C4048
C9113
C7057
C1495
C6140
C990
C12075
C1590
C3913
C1023
C12366
C542
C894
C5713
C4291
C540
C11725
C6068
C5599
C2156
C444
C8136
C537
C27
C3003
C697
C2176
C2061
C535
C12795
C10255
C2474
C6460
C2124
C767
C1334
C2946
C9858
C3912
C3357
C8482
C4892
C11681
C569
C2275
C13394
C11455
C9282
C526
C11523
C11666
C8639
C3260
C1160
C248
C524
C13375
C2492
C8461
C1473
C8677
C7851
C2557
C12659
C4282
C1306
C520
C1352
C2331
C937
C9584
C811
C5628
C2393
C6900
C9098
C7258
C3492
C8424
C5920
C5147
C557
C1402
C3711
C2619
C359
C1580
C12225
C2922
C1920
C3985
C510
C1708
C13581
C1463
C505
C964
C3398
C2110
C58
C3702
C5515
C1229
C500
C191
C11588
C1164
C1162
C618
C1152
C6362
C5639
C1671
C541
C12840
C3289
C13767
C13316
C3088
C1842
C1481
C8287
C2361
C5420
C11070
C912
C1449
C4015
C487
C2265
C12477
C7024
C4204
C482
C2003
C6009
C3775
C2701
C1945
C4359
C3605
C7032
C12180
C559
C911
C7063
C13373
C10218
C5647
C8694
C527
C3708
C398
C4851
C473
C5154
C1051
C11732
C1785
C7483
C3304
C474
C6960
C7759
C2363
C695
C4854
C1926
C3026
C2759
C2285
C5448
C3489
C1296
C10360
C859
C3218
C677
C903
C4635
C3152
C819
C1451
C2147
C461
C3595
C451
C4706
C5148
C7273
C13684
C3560
C3704
C5235
C3741
C763
C8579
C6088
C10577
C556
C1968
C1901
C312
C8432
C441
C8697
C353
C13760
C7226
C9175
C278
C3918
C12099
C1942
C4813
C5338
C4272
C303
C12408
C1728
C1027
C687
C1564
C1805
C437
C2450
C1
C12799
C3109
C12585
C11586
C3471
C10913
C2704
C11733
C1893
C2698
C1100
C12489
C3537
C621
C8693
C3772
C3083
C2515
C490
C7356
C3493
C12173
C1327
C1990
C6351
C2354
C13344
C11715
C6244
C3622
C7196
C2058
C1385
C4174
C13653
C1234
C10740
C3017
C33
C7151
C1703
C5496
C2547
C11077
C6468
C9273
C4537
C189
C7795
C3317
C3480
C1927
C10746
C8185
C5608
C6539
C5102
C2405
C9095
C3419
C179
C176
C600
C10822
C5377
C3668
C8916
C4092
C10921
C531
C3208
C8598
C702
C135
C694
C4679
C11308
C489
C812
C10741
C952
C168
C10196
C1030
C8406
C6416
C12256
C299
C11729
C2659
C1265
C839
C1379
C3395
C548
C211
C4205
C5953
C1223
C1940
C2345
C227
C1042
C8433
C1755
C3041
C13809
C3769
C11415
C10141
C12428
C13459
C509
C10733
C13005
C1729
C3415
C7302
C12376
C10855
C39
C156
C2603
C11208
C1325
C2490
C4844
C7716
C150
C339
C2985
C12041
C8442
C2645
C1068
C322
C3467
C377
C1037
C9513
C2435
C217
C13853
C6693
C114
C8256
C5136
C3698
C581
C122
C11080
C9309
C5899
C121
C717
C119
C94
C4314
C8407
C2579
C13454
C9934
C8857
C8804
C678
C7148
C7012
C3249
C142
C712
C921
C117
C116
C558
C9937
C8956
C6211
C104
C8210
C5994
C93
C2968
C134
C2852
C3722
C12212
C7701
C4932
C3295
C807
C12621
C9926
C5530
C1447
C2816
C6628
C2098
C9574
C4687
C10323
C2807
C3293
C1242
C6186
C11632
C1253
C1343
C8990
C7880
C13056
C1079
C1852
C4016
C7303
C5322
C3648
C7574
C3894
C46
C4445
C8207
C4533
C492
C292
C10313
C11281
C1203
C8486
C3091
C321
C6858
C11261
C842
C738
C12235
C11530
C2836
C2438
C137
C1316
C5458
C2323
C422
C2228
C1442
C5535
C2877
C809
C12860
C10772
C360
C10674
C511
C3920
C141
C3167
C3060
C10874
C7435
C21
C4221
C5384
C9197
C4798
C7550
C5201
C1958
C12956
C10854
C3170
C7590
C1478
C3009
C4145
C13529
C1013
C3723
C982
C15
C6124
C298
C7919
C4487
C5815
C1039
C8570
C386
C3506
C12350
C9742
C363
C11228
C199
C1004
C198
C1918
C10
C8242
C13630
C290
C13895
C12417
C3838
C2139
C3696
C12644
C2
C7568
C3396
C13565
C12926
C11014
C576
C3066
C13239
C9233
C3360
C7600
C2948
C272
C12364
C2817
C10302
C9039
C3876
C2756
C112
C11078
C10585
C7335
C261
C1604
C745
C9506
C11416
C915
C192
C759
C9583
C438
C3646
C2917
C10458
C1960
C12385
C8
C1462
C3687
C12754
C8251
C6418
C3356
C11378
C8795
C2452
C6413
C84
C9846
C13576
C13134
C6321
C3833
C1596
C5439
C10109
C5489
C729
C2561
C67
C329
C733
C380
C3719
C10107
C1840
C6371
C2743
C13528
C9616
C2251
C7467
C2086
C130
C3670
C3308
C628
C4901
C13816
C10743
C337
C9536
C726
C2879
C5393
C3248
C12365
C7933
C4716
C3172
C410
C13
C383
C7259
C8354
C4144
C6648
C12710
C6
C4943
C2860
C222
C173
C3103
C8418
C4325
C1369
C1077
C486
C2296
C3694
C6894
C671
C5826
C2904
C9212
C295
C988
C12140
C5662
C12
C158
C3288
C6945
C13574
C1547
C334
C138
C11282
C3640
C1422
C9931
C11739
C2811
C4039
C5014
C2937
C2015
C7020
C2016
C4206
C10780
C3579
C6844
C2413
C1995
C739
C10590
C12236
C499
C640
C4260
C12942
C11945
C4021
C7058
C791
C804
C985
C1335
C3629
C582
C9545
C6678
C13719
C4965
C8536
C638
C8444
C178
C5997
C10221
C12943
C2990
C1283
C10462
C1851
C2587
C9018
C64
C2887
C4526
C3092
C577
C13484
C2813
C7424
C256
C6403
C5528
C83
C7007
C12145
C3575
C72
C6132
C7617
C2566
C2411
C2103
C2205
C5425
C5111
C187
C1314
C2661
C11345
C11617
C4164
C1771
C7197
C6524
C3616
C432
C960
C9512
C8682
C3037
C13652
C854
C6709
C1526
C1584
C818
C8382
C175
C8246
C76
C9456
C7503
C1777
C3124
C6443
C9422
C3242
C787
C26
C10277
C1690
C2846
C630
C6962
C159
C7926
C2691
C4527
C2214
C11041
C1372
C1304
C8397
C4546
C193
C101
C6083
C429
C8409
C9863
C7444
C230
C238
C12040
C4758
C6895
C895
C1096
C3224
C29
C1691
C8094
C2934
C5814
C7254
C7563
C10782
C1169
C1833
C204
C7888
C382
C4578
C9632
C5074
C6463
C892
C3916
C5222
C11724
C1150
C2366
C70
C59
C4258
C12696
C6271
C1193
C8904
C4409
C11663
C10232
C1285
C3705
C6369
C2039
C1087
C5606
C79
C10203
C7342
C6164
C3543
C3545
C12990
C5017
C6148
C9184
C3557
C1243
C5579
C5785
C1361
C3074
C7787
C3900
C3022
C2339
C1175
C1118
C213
C1416
C769
C13487
C1888
C585
C825
C11379
C1290
C1556
C1155
C7198
C11150
C9818
C3233
C5430
C361
C10252
C2694
C3104
C3712
C789
C11543
C282
C1670
C12425
C805
C6466
C3221
C172
C8125
C2827
C6440
C1772
C1220
C10220
C433
C6183
C346
C11460
C209
C1161
C5775
C6759
C10025
C2186
C2292
C12609
C3417
C102
C2703
C675
C3794
C393
C10438
C6292
C2432
C4818
C7618
C4535
C969
C5096
C6237
C7141
C6449
C5125
C11047
C3138
C2611
C4585
C4237
C3062
C13546
C22
C10928
C10670
C1064
C436
C6636
C3859
C3464
C3667
C3733
C1250
C3466
C5288
C944
C5407
C2967
C641
C10222
C2637
C13087
C376
C1732
C354
C8992
C10756
C171
C12995
C219
C2503
C2912
C9400
C1174
C2862
C1326
C2605
C5298
C221
C1875
C6021
C224
C6450
C12726
C6457
C11360
C180
C10751
C2047
C13053
C12838
C10894
C10240
C7125
C1224
C6170
C9750
C1392
C797
C1295
C1731
C12612
C6259
C231
C3475
C232
C7433
C2742
C3202
C240
C7808
C6185
C2549
C440
C10345
C6023
C2596
C656
C12647
C5791
C245
C246
C1469
C7389
C63
C5018
C4225
C1522
C13146
C2249
C5857
C6224
C13781
C9365
C11187
C7036
C460
C12128
C498
C4926
C6075
C494
C9815
C7992
C1142
C7697
C1493
C1252
C66
C783
C12803
C1024
C635
C10673
C6975
C9881
C1026
C12518
C1647
C2741
C10150
C1886
C124
C4740
C1168
C7934
C4127
C5275
C1201
C5567
C453
C13453
C2381
C6774
C3277
C908
C144
C6807
C81
C2209
C957
C9824
C13399
C8119
C6973
C528
C286
C1180
C8978
C289
C7599
C2187
C4934
C13867
C6729
C10752
C3404
C153
C5258
C3405
C3020
C2588
C143
C6069
C503
C5781
C188
C844
C8871
C1467
C197
C4392
C3422
C8756
C293
C1874
C3542
C4824
C3657
C10588
C2094
C8112
C958
C1320
C24
C4863
C6635
C8671
C4246
C7571
C4655
C11097
C2376
C8417
C7901
C7
C11406
C757
C8863
C300
C5305
C389
C11375
C10933
C10205
C4418
C1938
C6014
C4511
C6655
C2949
C1421
C4918
C304
C1204
C13681
C10499
C3473
C6620
C1736
C3678
C3176
C313
C940
C902
C1122
C9484
C2675
C426
C13168
C956
C9709
C330
C5706
C1340
C5160
C9088
C657
C3227
C2893
C1260
C9538
C3586
C2962
C9122
C6396
C5064
C13154
C12246
C335
C1328
C12752
C12602
C4723
C1236
C599
C7852
C340
C3320
C9356
C949
C11788
C13873
C201
C9618
C13674
C347
C2849
C6304
C3632
C349
C1678
C145
C6690
C1673
C357
C358
C1589
C984
C362
C225
C5557
C200
C365
C12939
C9380
C6739
C918
C113
C3911
C12047
C8124
C3115
C8975
C10687
C3623
C6152
C1616
C11662
C3533
C1457
C13869
C5078
C1301
C373
C724
C247
C7072
C378
C182
C755
C310
C2395
C1185
C2787
C2447
C11456
C8655
C5633
C8453
C1040
C13797
C5113
C1067
C538
C9472
C12071
C3261
C2000
C10524
C384
C6641
C207
C229
C4889
C4463
C385
C9876
C504
C6044
C9016
C8373
C994
C3376
C3609
C2300
C8300
C403
C1425
C3169
C483
C491
C8923
C3651
C8706
C8858
C3129
C824
C4544
C9650
C1974
C9187
C3891
C831
C3909
C832
C4920
C252
C2167
C3631
C12959
C1085
C840
C2461
C3174
C12262
C1172
C6610
C10885
C2130
C11622
C852
C4630
C853
C858
C9238
C6355
C1716
C9474
C898
C6012
C1661
C11634
C865
C4550
C866
C5073
C1669
C868
C1114
C1091
C11742
C2353
C872
C2785
C1628
C6076
C7977
C2436
C3621
C4639
C13782
C6143
C4777
C2160
C6404
C3301
C5068
C619
C1357
C4649
C314
C8663
C1078
C1038
C13872
C896
C1092
C2883
C899
C9076
C881
C4301
C12290
C12116
C5177
C12444
C10990
C6646
C13474
C2121
C8976
C3675
C3626
C907
C6027
C2358
C445
C1368
C1445
C637
C7200
C917
C13672
C1676
C922
C13360
C5866
C12280
C12865
C3081
C6681
C7149
C7616
C4318
C932
C933
C8656
C6602
C9348
C9198
C1005
C1347
C250
C3832
C3368
C1183
C3038
C945
C8597
C2739
C10684
C3154
C3455
C12880
C4677
C951
C333
C10231
C1698
C1626
C1433
C11940
C4760
C3554
C972
C10651
C1798
C1717
C973
C2371
C803
C8455
C6850
C8325
C12277
C3517
C13110
C3371
C623
C4119
C12121
C2838
C7930
C3564
C13317
C12209
C3659
C13137
C13013
C2290
C7220
C488
C12072
C4789
C2554
C2615
C1436
C3143
C1019
C8107
C6144
C210
C7257
C8410
C6576
C6637
C2713
C1401
C1007
C6276
C1366
C6879
C10678
C8910
C6538
C12713
C1016
C3983
C1017
C1018
C1020
C13693
C10700
C6106
C12283
C7445
C1025
C3813
C32
C6557
C1865
C6191
C1210
C6892
C12924
C9660
C1045
C5673
C6293
C1537
C2013
C1446
C1052
C11380
C9283
C4653
C11925
C1053
C2731
C4570
C3171
C3992
C9368
C1490
C6020
C1171
C955
C4962
C10526
C1062
C1700
C983
C13680
C9923
C2899
C1441
C13751
C13748
C1076
C10549
C8569
C5112
C2930
C5595
C6033
C6781
C12736
C6034
C57
C11230
C1089
C13460
C7883
C1093
C1095
C13189
C4168
C7976
C4131
C157
C6439
C7990
C12335
C683
C4323
C4530
C1101
C2057
C1330
C1106
C10301
C3073
C10257
C2189
C1877
C3795
C2367
C1145
C6322
C2399
C9266
C2871
C6373
C12042
C1111
C11885
C264
C6340
C2597
C5533
C3351
C1276
C2343
C1123
C9003
C1124
C3432
C1778
C550
C11446
C1126
C12508
C1764
C3893
C1360
C1486
C1129
C8423
C1720
C1432
C1675
C8518
C7614
C7114
C1983
C4283
C1133
C1956
C2138
C5905
C3476
C1134
C6141
C5739
C1460
C7462
C1738
C1135
C1136
C709
C2854
C7533
C6582
C1143
C13846
C996
C11686
C9346
C3555
C5601
C13286
C11095
C4745
C13201
C12918
C10269
C115
C1170
C10143
C9658
C1216
C1003
C5820
C13902
C1779
C11192
C328
C7358
C1181
C4990
C1182
C1081
C1525
C7388
C9647
C927
C1178
C3792
C1186
C1356
C3987
C5002
C10617
C13449
C13392
C151
C355
C6399
C525
C1651
C7041
C10346
C7182
C7080
C4085
C4588
C9551
C5809
C2632
C315
C1198
C5807
C1200
C5344
C1704
C3902
C7232
C2519
C13292
C1080
C7411
C2966
C1536
C10580
C3727
C1208
C6866
C1211
C233
C6202
C5230
C1218
C3436
C5178
C381
C1638
C7180
C6521
C6247
C13112
C10505
C3688
C4612
C4170
C7301
C6254
C2501
C7744
C1235
C2348
C1240
C1241
C5660
C3166
C10169
C2775
C12445
C1244
C12126
C9366
C2522
C10592
C11152
C2128
C1249
C1251
C12186
C5497
C2262
C7980
C4248
C901
C7255
C1389
C1258
C13268
C11682
C2287
C1259
C10783
C8244
C7401
C10954
C31
C12620
C7629
C7351
C480
C8134
C1209
C13875
C12293
C1269
C11111
C4632
C44
C6415
C1267
C13335
C6756
C11135
C2142
C206
C1549
C1275
C1719
C1277
C7857
C6934
C12833
C9034
C1281
C1282
C497
C8861
C5772
C1464
C7246
C1293
C1294
C12791
C11726
C1299
C8257
C1177
C871
C2870
C5895
C11869
C10528
C3427
C6925
C8885
C1916
C1302
C2161
C7153
C4391
C6617
C1307
C5901
C989
C6513
C2783
C3057
C3804
C1312
C1315
C9354
C686
C3529
C1319
C4125
C10243
C2824
C4330
C5868
C1322
C277
C2220
C1342
C1345
C544
C3390
C3025
C1563
C2038
C5745
C4593
C12458
C169
C5079
C10638
C1488
C4886
C1393
C8743
C1608
C4534
C1383
C3352
C12712
C1363
C4615
C5801
C2097
C9404
C148
C3433
C1063
C1376
C12575
C5789
C439
C1371
C1270
C5059
C8946
C8252
C2595
C5259
C3187
C1217
C1386
C11376
C8007
C208
C3494
C1375
C12867
C4442
C5127
C1090
C8429
C1395
C5856
C3240
C2336
C1466
C5297
C1399
C12951
C2680
C11881
C2315
C237
C5334
C4270
C6248
C1599
C7903
C5823
C1410
C8338
C10105
C1415
C4411
C1830
C3758
C5271
C1688
C10321
C7612
C7113
C1813
C1766
C981
C13520
C6269
C7437
C2744
C1424
C1427
C2593
C1637
C13285
C7215
C3544
C4935
C4073
C1428
C12330
C12684
C4150
C1435
C1439
C1108
C2784
C4619
C8901
C3061
C6472
C1440
C1443
C8657
C8415
C1450
C4616
C12983
C1453
C1116
C5986
C8941
C10877
C7927
C4279
C1706
C1407
C6203
C2377
C1470
C936
C10988
C1471
C2926
C2415
C8329
C1482
C13841
C11787
C1571
C5128
C7219
C10217
C7794
C1491
C976
C13203
C2738
C2613
C3094
C1727
C11983
C5438
C7646
C3024
C9535
C3194
C629
C1548
C1504
C6547
C5153
C4109
C7068
C9124
C10237
C10820
C105
C13405
C1534
C11417
C1535
C11941
C12435
C448
C2402
C1291
C3740
C5029
C1538
C11691
C2310
C6504
C1543
C2907
C5678
C6996
C1551
C9169
C6190
C1557
C1645
C1555
C2804
C906
C6642
C1565
C13374
C7746
C2578
C6395
C5342
C3437
C9850
C986
C12957
C2243
C9026
C4165
C1579
C1237
C3925
C1581
C1809
C11295
C584
C8493
C1539
C11194
C177
C1418
C2440
C1594
C3713
C3370
C7380
C6221
C1605
C1606
C10545
C12327
C7408
C13306
C2529
C6177
C4241
C2674
C1008
C1652
C12422
C11796
C4264
C7282
C7337
C4231
C11306
C9631
C7078
C4250
C6671
C1923
C6051
C1109
C1625
C5897
C2312
C6326
C13450
C4403
C995
C4133
C1630
C9938
C1631
C309
C13845
C9183
C642
C1632
C13121
C1633
C11353
C1814
C6114
C13686
C10716
C1655
C1790
C6876
C3421
C7938
C530
C2938
C8794
C1665
C4344
C1672
C2463
C598
C1666
C1667
C2263
C12317
C543
C2769
C1568
C205
C1681
C2498
C6003
C12093
C1231
C1910
C11727
C11189
C1701
C1705
C1707
C1710
C1761
C5666
C3956
C1099
C1725
C1726
C7117
C3742
C3743
C6464
C9288
C3744
C3745
C5248
C6730
C3747
C3751
C4328
C6386
C1520
C2909
C3756
C3757
C3766
C3768
C12230
C4792
C12255
C6697
C3774
C6510
C3776
C13230
C6283
C1600
C3779
C9121
C3781
C6691
C8887
C3782
C5669
C10987
C3783
C2500
C12685
C3784
C11801
C4128
C3870
C3786
C13252
C6526
C7899
C7385
C3791
C12063
C3797
C7994
C3798
C3801
C3802
C10989
C8096
C4257
C7131
C10049
C3807
C1737
C5340
C3808
C3816
C3907
C1284
C3817
C3819
C3820
C9491
C4724
C10958
C3823
C5310
C3827
C5928
C7721
C5520
C6546
C10652
C8306
C11132
C5630
C3830
C3831
C4961
C5593
C3835
C3836
C3837
C1105
C6736
C3839
C8194
C1773
C1305
C7314
C3840
C3841
C13162
C3845
C11033
C3852
C3853
C3861
C3862
C3865
C10144
C10101
C3867
C8142
C3880
C3882
C8538
C3886
C11393
C7319
C3887
C3888
C4946
C6198
C6706
C3897
C1332
C3901
C8662
C3903
C3910
C6406
C3915
C3917
C6379
C3921
C1741
C2630
C3922
C4674
C4304
C4053
C8760
C3927
C3929
C3932
C11819
C3934
C6192
C3938
C3939
C3770
C3940
C2812
C5765
C3943
C2382
C4332
C13894
C3946
C6604
C2267
C3948
C3951
C3954
C6787
C6002
C3958
C570
C6483
C6670
C1713
C3966
C3968
C3973
C5556
C3974
C9610
C7384
C9110
C1994
C5481
C6465
C12282
C830
C5243
C5869
C3989
C13644
C3990
C7368
C3991
C3995
C13532
C3996
C3997
C13336
C2430
C1487
C5777
C1614
C1380
C4008
C12137
C13878
C4011
C596
C4294
C12130
C5744
C4018
C4019
C4253
C4020
C7104
C4025
C9200
C9066
C12035
C4853
C8729
C4028
C1656
C11134
C4030
C4821
C4032
C6789
C4059
C4034
C5380
C13451
C1268
C6728
C74
C5526
C5955
C4041
C764
C4042
C10339
C1359
C6057
C4046
C7785
C6459
C4049
C4051
C4054
C5090
C11718
C833
C2031
C4060
C12399
C4061
C3068
C4062
C4063
C3522
C4065
C7343
C6108
C4074
C523
C4492
C4084
C6921
C6666
C13225
C4087
C4754
C6826
C11815
C6731
C4089
C4321
C7497
C4091
C12932
C2720
C12525
C4702
C4097
C13404
C11991
C13504
C12750
C1989
C4099
C4100
C2476
C5944
C13200
C6005
C4104
C4106
C4107
C3053
C4108
C4111
C7620
C1309
C4118
C472
C6754
C8441
C1909
C4474
C1414
C9489
C8855
C4129
C4130
C4628
C7033
C4134
C12092
C4137
C4139
C962
C6049
C1578
C12570
C3158
C1932
C11786
C8713
C4149
C4151
C7809
C6493
C4154
C2848
C4158
C10637
C9219
C4416
C8335
C4209
C6149
C4797
C3855
C4626
C4169
C4515
C4115
C4172
C4173
C6916
C4175
C4177
C4178
C9260
C4181
C4959
C2116
C325
C4183
C4184
C5174
C7427
C1879
C4186
C4187
C2256
C3683
C4188
C5854
C6062
C4189
C4190
C4191
C12024
C196
C6627
C4194
C13342
C8952
C4201
C12415
C4202
C10517
C4203
C4208
C2683
C228
C7419
C4211
C4215
C12796
C4218
C6583
C4220
C3945
C6979
C7413
C4227
C12481
C226
C4230
C4233
C7106
C9272
C2559
C4238
C4243
C9910
C4244
C4245
C5623
C4249
C4251
C4255
C4256
C1881
C3219
C4315
C4471
C4266
C4267
C6073
C9811
C5050
C4269
C4271
C4273
C1429
C23
C8392
C4278
C1196
C5081
C10183
C4281
C7502
C4290
C4112
C5179
C9619
C6214
C4598
C8888
C4298
C4808
C2089
C4302
C13472
C5865
C4306
C3287
C4307
C615
C4068
C4310
C5187
C7157
C4317
C9243
C4316
C7247
C4324
C4327
C5419
C10359
C4331
C2766
C4334
C1103
C4336
C13502
C5534
C6769
C3262
C8132
C4342
C4345
C4347
C8186
C4861
C4406
C5031
C4351
C5512
C4352
C4768
C4353
C9783
C7979
C9751
C4114
C4355
C4356
C394
C6063
C13807
C4358
C11386
C4364
C4365
C12297
C4367
C1006
C5382
C288
C4375
C11310
C4379
C4559
C708
C3439
C6250
C4383
C4384
C5254
C11607
C4385
C13361
C9351
C4399
C4400
C6997
C4405
C13794
C4346
C4407
C3504
C11825
C11082
C7524
C6085
C822
C4424
C11608
C10268
C10596
C4531
C4428
C4826
C6425
C11832
C4434
C4437
C4440
C13842
C4441
C9402
C2545
C4822
C4443
C4447
C11389
C10982
C6043
C4450
C4453
C4456
C4519
C2175
C7711
C4460
C10236
C6744
C4461
C4462
C6906
C131
C7183
C4464
C1876
C3173
C10764
C4472
C4473
C7307
C4475
C4536
C5115
C4477
C5314
C4479
C4480
C5818
C2115
C4484
C7403
C2668
C4485
C746
C4490
C1197
C5329
C10191
C2082
C5558
C11246
C10774
C12810
C4499
C6349
C12751
C873
C8686
C4504
C4506
C13441
C4507
C6461
C4508
C1795
C4509
C5086
C4513
C5098
C3796
C4516
C4518
C3435
C4520
C4523
C4529
C4532
C11886
C6309
C4541
C4542
C4545
C3273
C5350
C4548
C4549
C9800
C7870
C4556
C5299
C12561
C9803
C4303
C4557
C4561
C10012
C8114
C4562
C4563
C8095
C4566
C5756
C4569
C11592
C5216
C6434
C1154
C4573
C5598
C4577
C4581
C4584
C4586
C3521
C4587
C4589
C13241
C12989
C4592
C13757
C12452
C5736
C4594
C4596
C4600
C4601
C7615
C4602
C4604
C4607
C6273
C3979
C4622
C2171
C4625
C3063
C6290
C4627
C2041
C4163
C4634
C10035
C4636
C4637
C6158
C4638
C11589
C602
C6207
C2748
C4642
C4645
C4646
C11524
C9036
C4650
C9326
C7393
C7185
C4656
C7565
C6771
C4657
C1317
C4659
C4662
C2761
C5337
C4664
C7318
C4665
C3695
C4670
C7699
C4671
C2437
C4673
C4681
C4684
C4688
C4692
C4695
C4696
C9499
C6616
C13573
C4703
C4704
C11782
C4705
C5406
C4708
C10754
C7436
C1350
C4715
C4717
C3291
C4985
C11969
C10122
C4720
C9421
C4722
C4727
C3123
C4329
C8312
C4732
C4736
C12876
C1254
C4738
C11678
C1173
C4743
C1271
C4746
C8472
C701
C8842
C4752
C4753
C1387
C4755
C4759
C6987
C5010
C4058
C13641
C4764
C13116
C4765
C4766
C4771
C4773
C9814
C6070
C7481
C4775
C6066
C6995
C4776
C3450
C4401
C4778
C7245
C10274
C4785
C13579
C324
C5898
C4787
C10118
C2004
C4800
C5615
C8532
C3515
C7510
C4807
C6505
C5896
C6274
C8852
C1232
C4810
C4811
C6507
C4408
C4812
C2386
C5583
C4823
C8295
C9736
C3600
C965
C2901
C4830
C12325
C10506
C9794
C9550
C10226
C45
C6052
C5795
C2513
C132
C4287
C12505
C9784
C6341
C4839
C4845
C887
C4852
C4295
C4855
C8231
C3868
C4229
C4864
C8398
C4865
C7352
C2693
C4866
C7297
C4869
C2453
C4870
C5918
C12790
C4871
C4873
C4879
C8533
C10827
C12584
C6361
C11059
C4887
C2183
C4888
C5544
C11368
C3582
C4891
C5434
C4894
C6577
C11218
C4609
C4430
C4899
C7128
C4904
C13391
C11157
C4906
C4603
C6644
C4907
C4908
C5278
C2563
C4909
C4910
C1213
C4912
C12022
C4913
C10272
C2712
C5600
C4917
C4921
C11539
C4928
C5985
C4930
C5442
C4931
C4936
C6137
C12295
C7962
C8160
C4949
C5684
C9147
C4950
C4952
C12559
C5550
C4957
C4958
C9719
C11442
C4960
C4968
C4970
C4976
C4977
C4978
C4986
C10706
C4987
C4989
C4971
C4993
C13148
C7783
C6345
C5470
C7339
C4166
C4995
C9446
C4998
C5003
C10941
C5005
C5007
C5008
C3972
C5796
C5009
C5011
C5013
C5019
C10036
C6390
C5978
C5020
C5614
C10204
C5023
C5026
C5874
C5030
C12053
C4590
C5033
C6713
C5034
C7654
C51
C1786
C5799
C8336
C7667
C5040
C5041
C3676
C1151
C4007
C6050
C5042
C11081
C13501
C3725
C2125
C5051
C5001
C395
C5056
C2168
C5060
C10983
C5067
C5071
C7190
C5075
C5077
C7554
C5083
C5084
C9069
C5085
C11483
C2238
C5087
C11947
C5094
C5095
C5482
C5101
C5108
C6458
C5109
C7065
C12589
C7386
C5130
C5121
C4618
C6918
C5131
C5685
C5132
C13556
C680
C5138
C5474
C481
C5142
C5144
C5926
C5155
C327
C5182
C5156
C5162
C5208
C5163
C10179
C5165
C11237
C5173
C6336
C13045
C1518
C5184
C5186
C3498
C5188
C3229
C5510
C5194
C8456
C5195
C685
C5197
C5198
C5199
C10288
C6758
C5200
C5203
C5204
C4078
C6874
C5209
C5213
C5214
C4096
C900
C5218
C552
C5226
C5227
C5231
C7375
C10178
C6664
C2215
C2442
C10785
C5240
C11126
C5242
C5959
C5247
C10207
C5252
C13888
C10088
C5253
C790
C4333
C1034
C6204
C6308
C1337
C5257
C5262
C12176
C10945
C5273
C5276
C7013
C5280
C5281
C3349
C10264
C1523
C1423
C12931
C13616
C5286
C6058
C11926
C13830
C5747
C5290
C9109
C6622
C5180
C6833
C7163
C109
C4033
C5292
C5293
C5294
C12944
C669
C7187
C5300
C6801
C8948
C5304
C5746
C5311
C9786
C8445
C5315
C12952
C5317
C6977
C5318
C5788
C7489
C5321
C9078
C1437
C5324
C5833
C12946
C12080
C5335
C5336
C8577
C5343
C5345
C1086
C13425
C5347
C5349
C4176
C5353
C5355
C1009
C5356
C5362
C9042
C580
C9793
C6848
C12384
C5370
C5378
C11354
C5381
C5958
C5386
C7327
C5388
C5389
C5196
C1311
C5391
C723
C5396
C424
C5397
C11467
C7440
C4827
C5402
C8443
C1506
C5870
C11139
C5415
C6568
C8426
C5417
C5418
C5421
C9831
C1519
C4806
C5423
C5426
C5427
C9058
C2210
C2334
C7152
C704
C18
C4591
C5428
C9134
C5431
C5749
C5432
C5435
C8017
C7788
C5444
C5445
C5449
C12073
C203
C975
C5453
C5456
C5457
C12756
C1890
C5463
C3307
C5465
C8898
C4614
C5472
C9149
C5473
C3569
C5476
C5490
C10692
C8762
C6282
C2760
C5645
C3936
C5492
C9235
C5493
C5494
C6442
C5495
C5966
C1712
C5498
C1654
C5507
C5509
C5513
C1438
C11685
C10984
C1014
C12112
C5522
C5523
C5835
C5524
C3752
C3874
C5537
C1521
C7217
C7010
C5538
C5540
C5403
C6948
C11125
C5769
C4247
C8907
C5548
C9932
C1718
C5553
C5554
C639
C1952
C5559
C11333
C4514
C6215
C5560
C11459
C1929
C5562
C6778
C6334
C5566
C12395
C12655
C6805
C12804
C9817
C5582
C5586
C5587
C6337
C2174
C5590
C5596
C5860
C5603
C1911
C5604
C12326
C9927
C7162
C5771
C11708
C5303
C7381
C7121
C6315
C9730
C7910
C6357
C7412
C5619
C13109
C5620
C5622
C706
C3406
C5624
C5625
C1641
C5627
C11585
C5634
C9845
C7493
C7422
C9204
C847
C5640
C5643
C12058
C5649
C5650
C5652
C8138
C5653
C10382
C8463
C5659
C5661
C7383
C5667
C5668
C5671
C5672
C5675
C311
C5676
C3423
C5677
C5679
C7486
C7477
C5680
C5681
C10723
C2891
C10814
C5872
C8152
C5689
C2558
C5701
C5702
C5707
C5708
C13635
C10383
C5709
C9614
C10347
C6456
C2029
C5714
C10825
C1324
C10091
C3860
C6146
C5721
C5741
C752
C6451
C5722
C6920
C5726
C5730
C5731
C5734
C3767
C5737
C5748
C5750
C4389
C11248
C1561
C5754
C5755
C5757
C13671
C5871
C3184
C5764
C11273
C3980
C8032
C5768
C5778
C5779
C12953
C12556
C11110
C4574
C12836
C4448
C5786
C5742
C9796
C7272
C5039
C13779
C10575
C392
C10757
C5803
C5810
C4572
C5811
C2814
C10338
C2829
C5813
C5819
C5824
C5919
C4672
C5825
C5716
C3928
C5831
C7512
C3160
C5836
C2414
C5839
C2085
C12393
C2669
C9582
C5893
C5855
C12207
C3039
C4388
C5858
C11684
C5862
C7733
C6013
C9617
C9396
C1104
C5864
C5100
C5358
C3822
C5873
C5879
C3690
C5883
C13158
C5884
C11332
C7505
C13578
C8880
C947
C3842
C5885
C5887
C3182
C7293
C4319
C13434
C5892
C2489
C7499
C5099
C5900
C5902
C5930
C12669
C7174
C5903
C1607
C5904
C3040
C1533
C7409
C5910
C5923
C3724
C5954
C4610
C5929
C5931
C2633
C5941
C5942
C8860
C6127
C4875
C8303
C11799
C5089
C5950
C4876
C5951
C5952
C7799
C5962
C7341
C4157
C6860
C7722
C7490
C6516
C5968
C5969
C2478
C6798
C3764
C5980
C1699
C4582
C5988
C4262
C5995
C11824
C4790
C6750
C5998
C5626
C6800
C5999
C8143
C6000
C6004
C13850
C3581
C5641
C13759
C6298
C6015
C5176
C6016
C6017
C2023
C6030
C6777
C7077
C5241
C7370
C4081
C6031
C11069
C7014
C10595
C1595
C6053
C6060
C6064
C6065
C6067
C6072
C6074
C6950
C6081
C6802
C12886
C11569
C6086
C6087
C6090
C4288
C7749
C6097
C6098
C578
C6099
C11385
C6029
C6947
C6101
C7475
C6103
C6105
C6111
C8565
C3016
C6649
C10069
C12134
C4528
C2617
C396
C8717
C8126
C3008
C12197
C13330
C6126
C4491
C6129
C6131
C6485
C2482
C6133
C3354
C366
C6139
C6220
C6150
C13586
C13341
C6168
C4859
C6172
C6173
C2245
C6179
C2885
C6180
C9836
C8358
C6182
C6184
C13694
C6189
C5360
C6194
C13176
C6205
C7961
C6208
C10513
C6210
C6212
C9952
C8079
C6222
C11839
C6223
C1585
C6242
C6246
C10801
C6261
C6417
C3225
C5555
C7233
C11652
C13238
C11329
C6275
C6887
C3975
C6279
C10544
C6677
C6984
C6285
C10158
C9223
C6286
C2818
C12935
C3164
C13527
C11025
C133
C6289
C8637
C3477
C6299
C6300
C2641
C6234
C6301
C6095
C6305
C5670
C6306
C6311
C2349
C6313
C9872
C5046
C6316
C65
C6320
C6323
C4214
C6327
C6329
C12882
C8425
C586
C6768
C10953
C6332
C5521
C6335
C6338
C8764
C8572
C6344
C11005
C6346
C6347
C10192
C2096
C1130
C6354
C6358
C5542
C7006
C6360
C2553
C6363
C3036
C1233
C6366
C7478
C6733
C6753
C6368
C2034
C6372
C5379
C6375
C6376
C6378
C1615
C7320
C6384
C10856
C6385
C2730
C7145
C13174
C7465
C6389
C6391
C10089
C6393
C8859
C7166
C10285
C9654
C6398
C10162
C5674
C6611
C6408
C251
C7376
C6409
C6411
C5475
C6420
C6421
C10434
C6422
C4522
C7410
C12021
C7118
C6423
C6765
C6426
C111
C10137
C2443
C6429
C6430
C6710
C13531
C6431
C6433
C7218
C6435
C6437
C1102
C6441
C6453
C10593
C6455
C13855
C6462
C11963
C3118
C9206
C2954
C7779
C1266
C6474
C8997
C6217
C6475
C1426
C2765
C4348
C9449
C6478
C6481
C6486
C11066
C1792
C8738
C6491
C5948
C6494
C5717
C9856
C4954
C6509
C7402
C1286
C6514
C6517
C6518
C2199
C6519
C6520
C6525
C6531
C6532
C7043
C1310
C6545
C6550
C3538
C834
C6560
C8099
C6561
C13817
C11330
C6567
C10190
C6569
C162
C6571
C6574
C6580
C7650
C6584
C2294
C11468
C9188
C8736
C6594
C6600
C6603
C6613
C7071
C5506
C7449
C194
C6618
C6623
C6624
C11748
C6625
C10129
C6629
C6631
C7030
C6639
C11141
C6643
C8820
C6645
C6647
C6652
C6653
C6654
C6656
C9094
C6659
C6660
C6662
C8164
C6679
C8298
C212
C2068
C10650
C2910
C6696
C6698
C10999
C6699
C6700
C7037
C6701
C2001
C6702
C6703
C3348
C6704
C6705
C6711
C6723
C6724
C6725
C6726
C6727
C6983
C6745
C5368
C6746
C6749
C5373
C1618
C6763
C6766
C6767
C2182
C6171
C9893
C6775
C6803
C6614
C6836
C9894
C4595
C10498
C6788
C6790
C6791
C1308
C6793
C13708
C4120
C6796
C6797
C6350
C5264
C6799
C6804
C6810
C11233
C4661
C6823
C6824
C6827
C6828
C6401
C6829
C6830
C6832
C6835
C3790
C6838
C1207
C6839
C10589
C4493
C6840
C2919
C6841
C6843
C6852
C6853
C6854
C9774
C4339
C12476
C6856
C13354
C1248
C6857
C8705
C8696
C8551
C8529
C6859
C10872
C6861
C6862
C6863
C1370
C6864
C6868
C3364
C6870
C6872
C6873
C7194
C10108
C6883
C6367
C810
C78
C6886
C3944
C7003
C6890
C6896
C9537
C7559
C6908
C236
C12210
C1822
C2451
C6914
C6919
C6928
C13519
C9708
C6935
C12019
C8558
C6936
C6187
C6943
C9949
C6944
C12453
C6163
C6957
C12562
C4617
C6959
C2808
C6961
C8841
C3147
C6965
C6967
C6968
C11651
C6970
C136
C7134
C13226
C6976
C846
C6980
C5479
C3658
C6982
C9239
C6986
C6989
C4296
C1860
C6993
C9895
C4739
C4277
C6998
C6999
C10456
C7001
C7002
C6907
C9265
C7018
C7021
C2123
C4512
C9
C13071
C9203
C5908
C7034
C7038
C7040
C7046
C7047
C1044
C10519
C7056
C7059
C10225
C7061
C9377
C1770
C7064
C7066
C7069
C3393
C7070
C7073
C7074
C7076
C7079
C7082
C9860
C7083
C4682
C7084
C7642
C7087
C7090
C7094
C7095
C10669
C7096
C5076
C8319
C2100
C3615
C7105
C8374
C7165
C11690
C10798
C7120
C747
C7124
C916
C7126
C7129
C7135
C7132
C7137
C7138
C7139
C7140
C11721
C6683
C7213
C11428
C7146
C7156
C7159
C7160
C3565
C7173
C7176
C13677
C7181
C2684
C7184
C7186
C7188
C7607
C7202
C11635
C7206
C9916
C8155
C3952
C7216
C7221
C7225
C13848
C997
C7241
C7242
C1997
C7287
C7244
C7250
C2466
C2080
C7251
C7252
C12512
C7253
C7261
C5964
C5104
C1597
C1906
C698
C7284
C9885
C7285
C7286
C7289
C7294
C7296
C6297
C7299
C11175
C7312
C9305
C4481
C7323
C13447
C7324
C784
C3462
C7329
C10068
C7594
C7338
C7340
C13637
C10140
C2517
C7344
C7350
C9699
C7353
C7354
C13024
C1036
C7355
C7357
C7361
C6243
C7362
C3485
C8893
C813
C10860
C7387
C8179
C7390
C7491
C7336
C7398
C2867
C7893
C12650
C10586
C3514
C7407
C7414
C971
C7415
C12268
C5632
C7416
C7420
C186
C7421
C7429
C11131
C7439
C7441
C7442
C1828
C7443
C7447
C11366
C7457
C13355
C7488
C1692
C7458
C959
C5935
C7460
C3198
C7461
C7466
C7939
C7468
C6881
C13871
C7474
C7476
C1489
C7480
C4105
C3749
C4500
C7487
C4124
C2467
C7492
C7504
C7513
C7514
C3151
C6312
C1138
