###############################################################
#  Generated by:      Cadence Innovus 21.13-s100_1
#  OS:                Linux x86_64(Host ID ic51)
#  Generated on:      Mon Oct  9 17:57:47 2023
#  Design:            top
#  Command:           report_timing > timing_M_on.rpt
###############################################################
Path 1: VIOLATED Setup Check with Pin randomize/data_out_reg_50_/CK 
Endpoint:   randomize/data_out_reg_50_/D (v) checked with  leading edge of 'CLK'
Beginpoint: sequencer/round_reg_1_/Q     (^) triggered by  leading edge of 'CLK'
Path Groups: {CLK}
Analysis View: generic_view
Other End Arrival Time          0.000
- Setup                         0.172
+ Phase Shift                   6.000
= Required Time                 5.828
- Arrival Time                  5.832
= Slack Time                   -0.004
     Clock Rise Edge                 0.000
     + Clock Network Latency (Ideal) 0.000
     = Beginpoint Arrival Time       0.000
     +------------------------------------------------------------------------------------------------+ 
     |                Instance                |     Arc      |   Cell    | Delay | Arrival | Required | 
     |                                        |              |           |       |  Time   |   Time   | 
     |----------------------------------------+--------------+-----------+-------+---------+----------| 
     | sequencer/round_reg_1_                 | CK ^         |           |       |   0.000 |   -0.004 | 
     | sequencer/round_reg_1_                 | CK ^ -> Q ^  | DFF_X1    | 0.406 |   0.406 |    0.402 | 
     | randomize/U14                          | A ^ -> ZN v  | INV_X2    | 0.052 |   0.458 |    0.453 | 
     | randomize/U38                          | A1 v -> ZN ^ | NAND2_X2  | 0.058 |   0.516 |    0.511 | 
     | randomize/U35                          | A1 ^ -> ZN v | NOR2_X1   | 0.032 |   0.548 |    0.543 | 
     | randomize/U13                          | A1 v -> ZN ^ | NOR2_X2   | 0.105 |   0.653 |    0.648 | 
     | randomize/U51                          | A ^ -> ZN v  | OAI21_X1  | 0.075 |   0.727 |    0.723 | 
     | randomize/U41                          | C2 v -> ZN ^ | AOI211_X1 | 0.278 |   1.005 |    1.001 | 
     | randomize/U60                          | B1 ^ -> ZN v | AOI22_X1  | 0.130 |   1.135 |    1.130 | 
     | randomize/U42                          | B1 v -> ZN ^ | OAI21_X2  | 0.157 |   1.292 |    1.287 | 
     | FE_PSBC129_randomize_n47               | A ^ -> ZN v  | INV_X4    | 0.064 |   1.355 |    1.351 | 
     | FE_PSBC134_randomize_n47               | A v -> ZN ^  | INV_X16   | 0.065 |   1.420 |    1.416 | 
     | FE_PSBC136_n                           | A ^ -> ZN v  | INV_X16   | 0.083 |   1.503 |    1.499 | 
     | FE_PSBC135_n                           | A v -> ZN ^  | INV_X32   | 0.049 |   1.552 |    1.548 | 
     | randomize/U5                           | A ^ -> ZN v  | INV_X32   | 0.071 |   1.623 |    1.618 | 
     | randomize/U260                         | B2 v -> ZN ^ | AOI22_X1  | 0.399 |   2.022 |    2.017 | 
     | randomize/U261                         | A ^ -> ZN v  | INV_X1    | 0.071 |   2.093 |    2.088 | 
     | randomize/U262                         | B1 v -> ZN ^ | AOI22_X2  | 0.150 |   2.242 |    2.238 | 
     | randomize/U263                         | A1 ^ -> ZN v | NAND2_X1  | 0.074 |   2.316 |    2.312 | 
     | randomize/f_func/U42                   | A v -> Z ^   | XOR2_X2   | 0.295 |   2.612 |    2.607 | 
     | randomize/f_func/sbox4a/U27            | A1 ^ -> ZN v | NOR2_X1   | 0.087 |   2.698 |    2.694 | 
     | FE_PSC157_randomize_f_func_sbox4a_n150 | A v -> Z v   | BUF_X2    | 0.113 |   2.812 |    2.808 | 
     | randomize/f_func/sbox4a/U28            | A2 v -> ZN ^ | NAND2_X2  | 0.062 |   2.874 |    2.870 | 
     | FE_PSC237_randomize_f_func_sbox4a_n69  | A ^ -> Z ^   | BUF_X2    | 0.101 |   2.975 |    2.971 | 
     | randomize/f_func/sbox4a/U222           | A1 ^ -> ZN v | NOR2_X2   | 0.047 |   3.022 |    3.018 | 
     | randomize/f_func/sbox4a/U235           | A4 v -> ZN ^ | NOR4_X2   | 0.465 |   3.487 |    3.483 | 
     | randomize/f_func/sbox4a/U318           | A3 ^ -> ZN v | NAND4_X1  | 0.145 |   3.632 |    3.628 | 
     | randomize/f_func/sbox4a/U319           | A4 v -> ZN ^ | NOR4_X1   | 0.313 |   3.945 |    3.941 | 
     | FE_PSC121_randomize_f_func_sbox4a_n252 | A ^ -> Z ^   | BUF_X1    | 0.156 |   4.101 |    4.097 | 
     | randomize/f_func/sbox4a/U344           | A1 ^ -> ZN v | NAND4_X2  | 0.090 |   4.191 |    4.187 | 
     | randomize/f_func/sbox4a/U345           | B2 v -> ZN ^ | AOI22_X2  | 0.205 |   4.396 |    4.392 | 
     | randomize/f_func/sbox4a/U352           | A ^ -> ZN v  | OAI211_X2 | 0.162 |   4.558 |    4.554 | 
     | randomize/f_func/p_func/U9             | A v -> Z v   | XOR2_X1   | 0.218 |   4.777 |    4.772 | 
     | FE_PSC108_randomize_f_func_p_func_n10  | A v -> Z v   | BUF_X2    | 0.106 |   4.882 |    4.878 | 
     | randomize/f_func/p_func/U21            | A v -> ZN ^  | XNOR2_X1  | 0.221 |   5.104 |    5.099 | 
     | randomize/f_func/p_func/U25            | B ^ -> ZN v  | XNOR2_X1  | 0.101 |   5.205 |    5.201 | 
     | FE_PSC378_randomize_f_func_out_50      | A v -> Z v   | BUF_X2    | 0.118 |   5.323 |    5.319 | 
     | randomize/U609                         | B v -> Z v   | XOR2_X1   | 0.223 |   5.545 |    5.541 | 
     | randomize/U610                         | B2 v -> ZN ^ | AOI22_X1  | 0.198 |   5.744 |    5.739 | 
     | randomize/U615                         | A1 ^ -> ZN v | NAND4_X1  | 0.089 |   5.832 |    5.828 | 
     | randomize/data_out_reg_50_             | D v          | DFF_X1    | 0.000 |   5.832 |    5.828 | 
     +------------------------------------------------------------------------------------------------+ 

