###############################################################
#  Generated by:      Cadence Innovus 21.13-s100_1
#  OS:                Linux x86_64(Host ID ic51)
#  Generated on:      Sun Oct  8 20:12:37 2023
#  Design:            top
#  Command:           report_timing > timing_L_off.rpt
###############################################################
Path 1: MET Setup Check with Pin randomize/data_out_reg_30_/CK 
Endpoint:   randomize/data_out_reg_30_/D (v) checked with  leading edge of 'CLK'
Beginpoint: sequencer/round_reg_1_/Q     (^) triggered by  leading edge of 'CLK'
Path Groups: {CLK}
Analysis View: generic_view
Other End Arrival Time          0.000
- Setup                         0.176
+ Phase Shift                   6.000
= Required Time                 5.824
- Arrival Time                  5.813
= Slack Time                    0.011
     Clock Rise Edge                 0.000
     + Clock Network Latency (Ideal) 0.000
     = Beginpoint Arrival Time       0.000
     +-------------------------------------------------------------------------------------------------+ 
     |                Instance                 |     Arc      |   Cell    | Delay | Arrival | Required | 
     |                                         |              |           |       |  Time   |   Time   | 
     |-----------------------------------------+--------------+-----------+-------+---------+----------| 
     | sequencer/round_reg_1_                  | CK ^         |           |       |   0.000 |    0.011 | 
     | sequencer/round_reg_1_                  | CK ^ -> Q ^  | DFF_X1    | 0.403 |   0.403 |    0.414 | 
     | randomize/U14                           | A ^ -> ZN v  | INV_X2    | 0.053 |   0.456 |    0.468 | 
     | randomize/U38                           | A2 v -> ZN ^ | NAND2_X2  | 0.061 |   0.518 |    0.529 | 
     | randomize/U35                           | A1 ^ -> ZN v | NOR2_X1   | 0.029 |   0.546 |    0.558 | 
     | randomize/U13                           | A1 v -> ZN ^ | NOR2_X2   | 0.078 |   0.624 |    0.636 | 
     | FE_PSC718_randomize_n10                 | A ^ -> Z ^   | BUF_X1    | 0.082 |   0.707 |    0.718 | 
     | randomize/U51                           | A ^ -> ZN v  | OAI21_X1  | 0.047 |   0.753 |    0.765 | 
     | randomize/U41                           | C2 v -> ZN ^ | AOI211_X1 | 0.284 |   1.038 |    1.049 | 
     | randomize/U60                           | B1 ^ -> ZN v | AOI22_X1  | 0.132 |   1.170 |    1.181 | 
     | randomize/U42                           | B1 v -> ZN ^ | OAI21_X2  | 0.193 |   1.363 |    1.374 | 
     | FE_PSBC98_randomize_n47                 | A ^ -> ZN v  | INV_X4    | 0.073 |   1.436 |    1.447 | 
     | FE_PSBC97_randomize_n47                 | A v -> ZN ^  | INV_X16   | 0.082 |   1.518 |    1.529 | 
     | FE_PSBC95_n                             | A ^ -> ZN v  | INV_X16   | 0.105 |   1.623 |    1.634 | 
     | randomize/U364                          | B2 v -> ZN ^ | AOI22_X1  | 0.220 |   1.843 |    1.854 | 
     | FE_PSC578_randomize_n268                | A ^ -> Z ^   | BUF_X1    | 0.117 |   1.960 |    1.971 | 
     | randomize/U365                          | A ^ -> ZN v  | INV_X1    | 0.034 |   1.994 |    2.005 | 
     | randomize/U366                          | B1 v -> ZN ^ | AOI22_X1  | 0.153 |   2.147 |    2.158 | 
     | randomize/U367                          | A1 ^ -> ZN v | NAND2_X1  | 0.083 |   2.229 |    2.241 | 
     | randomize/f_func/U26                    | A v -> Z ^   | XOR2_X2   | 0.117 |   2.347 |    2.358 | 
     | FE_PSC184_randomize_f_func_key_added_50 | A ^ -> Z ^   | BUF_X4    | 0.102 |   2.449 |    2.460 | 
     | randomize/f_func/sbox2a/U5              | A ^ -> ZN v  | INV_X1    | 0.032 |   2.481 |    2.492 | 
     | randomize/f_func/sbox2a/U6              | A1 v -> ZN ^ | NAND2_X1  | 0.057 |   2.538 |    2.549 | 
     | randomize/f_func/sbox2a/U7              | A ^ -> ZN v  | INV_X1    | 0.043 |   2.581 |    2.592 | 
     | randomize/f_func/sbox2a/U8              | A2 v -> ZN ^ | NAND2_X1  | 0.054 |   2.635 |    2.646 | 
     | FE_PSC268_randomize_f_func_sbox2a_n66   | A ^ -> Z ^   | BUF_X2    | 0.136 |   2.771 |    2.782 | 
     | randomize/f_func/sbox2a/U207            | A1 ^ -> ZN v | NOR2_X2   | 0.081 |   2.852 |    2.863 | 
     | randomize/f_func/sbox2a/U208            | A4 v -> ZN ^ | NOR4_X1   | 0.337 |   3.189 |    3.200 | 
     | randomize/f_func/sbox2a/U209            | A2 ^ -> ZN v | NAND2_X1  | 0.112 |   3.300 |    3.311 | 
     | randomize/f_func/sbox2a/U210            | A4 v -> ZN ^ | NOR4_X2   | 0.405 |   3.705 |    3.716 | 
     | randomize/f_func/sbox2a/U213            | A1 ^ -> ZN v | NAND3_X1  | 0.137 |   3.841 |    3.853 | 
     | randomize/f_func/sbox2a/U216            | A3 v -> ZN ^ | NOR4_X1   | 0.351 |   4.192 |    4.203 | 
     | randomize/f_func/sbox2a/U217            | A3 ^ -> ZN v | NAND4_X1  | 0.159 |   4.351 |    4.363 | 
     | randomize/f_func/sbox2a/U235            | A2 v -> ZN ^ | AOI22_X1  | 0.180 |   4.531 |    4.543 | 
     | randomize/f_func/sbox2a/U249            | A ^ -> ZN v  | OAI211_X1 | 0.124 |   4.655 |    4.666 | 
     | randomize/f_func/p_func/U117            | B v -> ZN v  | XNOR2_X1  | 0.175 |   4.830 |    4.841 | 
     | randomize/f_func/p_func/U122            | B v -> ZN v  | XNOR2_X1  | 0.168 |   4.998 |    5.009 | 
     | randomize/f_func/p_func/U147            | A v -> Z v   | XOR2_X1   | 0.209 |   5.207 |    5.218 | 
     | FE_PSC194_randomize_f_func_out_30       | A v -> Z v   | BUF_X2    | 0.115 |   5.322 |    5.333 | 
     | randomize/U469                          | B v -> Z v   | XOR2_X2   | 0.209 |   5.531 |    5.542 | 
     | randomize/U470                          | B2 v -> ZN ^ | AOI22_X1  | 0.192 |   5.723 |    5.734 | 
     | randomize/U475                          | A1 ^ -> ZN v | NAND4_X1  | 0.090 |   5.813 |    5.824 | 
     | randomize/data_out_reg_30_              | D v          | DFF_X1    | 0.000 |   5.813 |    5.824 | 
     +-------------------------------------------------------------------------------------------------+ 

