###############################################################
#  Generated by:      Cadence Innovus 21.13-s100_1
#  OS:                Linux x86_64(Host ID ic51)
#  Generated on:      Sun Oct  8 21:32:23 2023
#  Design:            top
#  Command:           report_timing > timing_L_on.rpt
###############################################################
Path 1: MET Setup Check with Pin randomize/data_out_reg_112_/CK 
Endpoint:   randomize/data_out_reg_112_/D (v) checked with  leading edge of 
'CLK'
Beginpoint: sequencer/round_reg_1_/Q      (^) triggered by  leading edge of 
'CLK'
Path Groups: {CLK}
Analysis View: generic_view
Other End Arrival Time          0.000
- Setup                         0.172
+ Phase Shift                   6.000
= Required Time                 5.828
- Arrival Time                  5.803
= Slack Time                    0.025
     Clock Rise Edge                 0.000
     + Clock Network Latency (Ideal) 0.000
     = Beginpoint Arrival Time       0.000
     +------------------------------------------------------------------------------------------------+ 
     |                Instance                |     Arc      |   Cell    | Delay | Arrival | Required | 
     |                                        |              |           |       |  Time   |   Time   | 
     |----------------------------------------+--------------+-----------+-------+---------+----------| 
     | sequencer/round_reg_1_                 | CK ^         |           |       |   0.000 |    0.025 | 
     | sequencer/round_reg_1_                 | CK ^ -> Q ^  | DFF_X1    | 0.309 |   0.309 |    0.334 | 
     | FE_PSC278_round_1                      | A ^ -> Z ^   | BUF_X4    | 0.092 |   0.401 |    0.426 | 
     | randomize/U14                          | A ^ -> ZN v  | INV_X4    | 0.032 |   0.433 |    0.458 | 
     | randomize/U38                          | A2 v -> ZN ^ | NAND2_X4  | 0.046 |   0.479 |    0.504 | 
     | randomize/U35                          | A1 ^ -> ZN v | NOR2_X2   | 0.023 |   0.502 |    0.527 | 
     | randomize/U13                          | A1 v -> ZN ^ | NOR2_X2   | 0.088 |   0.590 |    0.615 | 
     | randomize/U54                          | A ^ -> ZN v  | INV_X1    | 0.032 |   0.622 |    0.647 | 
     | randomize/U40                          | B v -> ZN ^  | AOI211_X1 | 0.261 |   0.883 |    0.908 | 
     | randomize/U41                          | B ^ -> ZN v  | AOI211_X1 | 0.087 |   0.970 |    0.995 | 
     | randomize/U60                          | B1 v -> ZN ^ | AOI22_X1  | 0.280 |   1.250 |    1.274 | 
     | randomize/U42                          | B1 ^ -> ZN v | OAI21_X4  | 0.093 |   1.342 |    1.367 | 
     | FE_PDC54_randomize_n47                 | A v -> Z v   | BUF_X16   | 0.120 |   1.462 |    1.487 | 
     | randomize/U5                           | A v -> ZN ^  | INV_X16   | 0.143 |   1.605 |    1.630 | 
     | FE_PSBC70_randomize_n110               | A ^ -> Z ^   | BUF_X8    | 0.188 |   1.793 |    1.818 | 
     | randomize/U264                         | B2 ^ -> ZN v | AOI22_X2  | 0.071 |   1.864 |    1.889 | 
     | randomize/U265                         | A v -> ZN ^  | INV_X2    | 0.061 |   1.925 |    1.950 | 
     | randomize/U267                         | B1 ^ -> ZN v | AOI21_X1  | 0.038 |   1.963 |    1.988 | 
     | randomize/U268                         | A v -> ZN ^  | OAI21_X1  | 0.105 |   2.068 |    2.093 | 
     | randomize/f_func/U41                   | A ^ -> Z ^   | XOR2_X2   | 0.383 |   2.452 |    2.477 | 
     | randomize/f_func/sbox4a/U26            | A ^ -> ZN v  | INV_X1    | 0.086 |   2.537 |    2.562 | 
     | randomize/f_func/sbox4a/U69            | A3 v -> ZN ^ | NAND3_X2  | 0.091 |   2.628 |    2.653 | 
     | FE_PSC208_randomize_f_func_sbox4a_n33  | A ^ -> Z ^   | BUF_X4    | 0.095 |   2.723 |    2.748 | 
     | FE_PSC422_randomize_f_func_sbox4a_n33  | A ^ -> Z ^   | CLKBUF_X1 | 0.094 |   2.817 |    2.842 | 
     | randomize/f_func/sbox4a/U101           | A2 ^ -> ZN v | NOR2_X1   | 0.043 |   2.859 |    2.884 | 
     | randomize/f_func/sbox4a/U104           | A2 v -> ZN ^ | NOR4_X2   | 0.257 |   3.116 |    3.141 | 
     | randomize/f_func/sbox4a/U105           | A2 ^ -> ZN v | NAND2_X1  | 0.099 |   3.216 |    3.240 | 
     | randomize/f_func/sbox4a/U114           | A3 v -> ZN ^ | NOR4_X2   | 0.276 |   3.492 |    3.517 | 
     | FE_PSC647_randomize_f_func_sbox4a_n278 | A ^ -> Z ^   | BUF_X2    | 0.139 |   3.631 |    3.656 | 
     | randomize/f_func/sbox4a/U311           | A1 ^ -> ZN v | NAND3_X2  | 0.065 |   3.696 |    3.721 | 
     | randomize/f_func/sbox4a/U312           | A4 v -> ZN ^ | NOR4_X2   | 0.335 |   4.031 |    4.056 | 
     | randomize/f_func/sbox4a/U386           | A2 ^ -> ZN v | NAND4_X1  | 0.132 |   4.163 |    4.188 | 
     | randomize/f_func/sbox4a/U387           | B2 v -> ZN ^ | AOI22_X1  | 0.196 |   4.359 |    4.384 | 
     | randomize/f_func/sbox4a/U394           | A ^ -> ZN v  | OAI211_X1 | 0.163 |   4.522 |    4.547 | 
     | randomize/f_func/p_func/U67            | A v -> Z v   | XOR2_X2   | 0.226 |   4.748 |    4.773 | 
     | randomize/f_func/p_func/U85            | A v -> Z v   | XOR2_X1   | 0.217 |   4.966 |    4.991 | 
     | randomize/f_func/p_func/U87            | B v -> ZN v  | XNOR2_X1  | 0.156 |   5.122 |    5.146 | 
     | randomize/f_func/p_func/U88            | A v -> ZN v  | XNOR2_X2  | 0.156 |   5.277 |    5.302 | 
     | randomize/U595                         | B v -> Z v   | XOR2_X1   | 0.249 |   5.527 |    5.552 | 
     | randomize/U1055                        | A2 v -> ZN ^ | AOI22_X1  | 0.172 |   5.699 |    5.724 | 
     | randomize/U1058                        | A2 ^ -> ZN v | NAND4_X1  | 0.105 |   5.803 |    5.828 | 
     | randomize/data_out_reg_112_            | D v          | DFF_X1    | 0.000 |   5.803 |    5.828 | 
     +------------------------------------------------------------------------------------------------+ 

