###############################################################
#  Generated by:      Cadence Innovus 21.13-s100_1
#  OS:                Linux x86_64(Host ID ic51)
#  Generated on:      Sun Oct  8 23:45:20 2023
#  Design:            top
#  Command:           report_timing > timing_H_off.rpt
###############################################################
Path 1: MET Setup Check with Pin randomize/data_out_reg_47_/CK 
Endpoint:   randomize/data_out_reg_47_/D (v) checked with  leading edge of 'CLK'
Beginpoint: sequencer/round_reg_2_/Q     (^) triggered by  leading edge of 'CLK'
Path Groups: {CLK}
Analysis View: generic_view
Other End Arrival Time          0.000
- Setup                         0.173
+ Phase Shift                   6.000
= Required Time                 5.827
- Arrival Time                  5.818
= Slack Time                    0.010
     Clock Rise Edge                 0.000
     + Clock Network Latency (Ideal) 0.000
     = Beginpoint Arrival Time       0.000
     +------------------------------------------------------------------------------------------------+ 
     |                Instance                |     Arc      |   Cell    | Delay | Arrival | Required | 
     |                                        |              |           |       |  Time   |   Time   | 
     |----------------------------------------+--------------+-----------+-------+---------+----------| 
     | sequencer/round_reg_2_                 | CK ^         |           |       |   0.000 |    0.010 | 
     | sequencer/round_reg_2_                 | CK ^ -> Q ^  | DFF_X1    | 0.312 |   0.312 |    0.321 | 
     | FE_PSC17_round_2                       | A ^ -> Z ^   | BUF_X4    | 0.084 |   0.396 |    0.406 | 
     | randomize/U38                          | A1 ^ -> ZN v | NAND2_X2  | 0.042 |   0.438 |    0.447 | 
     | randomize/U35                          | A1 v -> ZN ^ | NOR2_X2   | 0.084 |   0.522 |    0.531 | 
     | randomize/U13                          | A1 ^ -> ZN v | NOR2_X2   | 0.035 |   0.557 |    0.566 | 
     | randomize/U54                          | A v -> ZN ^  | INV_X1    | 0.049 |   0.606 |    0.616 | 
     | randomize/U40                          | B ^ -> ZN v  | AOI211_X1 | 0.030 |   0.637 |    0.646 | 
     | randomize/U41                          | B v -> ZN ^  | AOI211_X1 | 0.356 |   0.993 |    1.002 | 
     | randomize/U62                          | A1 ^ -> ZN v | NOR2_X1   | 0.069 |   1.061 |    1.071 | 
     | randomize/U63                          | B2 v -> ZN ^ | OAI21_X2  | 0.137 |   1.198 |    1.207 | 
     | randomize/U42                          | A ^ -> ZN v  | OAI21_X2  | 0.067 |   1.265 |    1.274 | 
     | FE_PSBC83_randomize_n47                | A v -> ZN ^  | INV_X2    | 0.161 |   1.426 |    1.435 | 
     | FE_PSBC82_randomize_n47                | A ^ -> ZN v  | INV_X16   | 0.066 |   1.491 |    1.501 | 
     | FE_PDC74_randomize_n47                 | A v -> Z v   | BUF_X8    | 0.189 |   1.680 |    1.690 | 
     | randomize/U64                          | A2 v -> ZN ^ | AOI22_X2  | 0.181 |   1.861 |    1.871 | 
     | randomize/U65                          | A ^ -> ZN v  | INV_X2    | 0.052 |   1.913 |    1.922 | 
     | randomize/U75                          | B1 v -> ZN ^ | AOI22_X2  | 0.159 |   2.072 |    2.082 | 
     | randomize/U76                          | A ^ -> ZN v  | OAI21_X2  | 0.080 |   2.152 |    2.161 | 
     | randomize/f_func/U5                    | A v -> Z ^   | XOR2_X2   | 0.138 |   2.290 |    2.300 | 
     | FE_PSC28_randomize_f_func_key_added_0  | A ^ -> Z ^   | BUF_X4    | 0.113 |   2.403 |    2.413 | 
     | FE_PSC615_randomize_f_func_key_added_0 | A ^ -> Z ^   | CLKBUF_X1 | 0.107 |   2.510 |    2.519 | 
     | randomize/f_func/sbox1b/U36            | A1 ^ -> ZN v | NOR2_X2   | 0.052 |   2.561 |    2.571 | 
     | randomize/f_func/sbox1b/U109           | A2 v -> ZN ^ | NAND2_X2  | 0.081 |   2.642 |    2.652 | 
     | randomize/f_func/sbox1b/U110           | A ^ -> ZN v  | INV_X2    | 0.044 |   2.686 |    2.696 | 
     | randomize/f_func/sbox1b/U112           | A1 v -> ZN ^ | NOR3_X2   | 0.131 |   2.817 |    2.827 | 
     | randomize/f_func/sbox1b/U152           | A ^ -> ZN v  | INV_X1    | 0.067 |   2.884 |    2.894 | 
     | randomize/f_func/sbox1b/U153           | A4 v -> ZN ^ | NOR4_X4   | 0.307 |   3.191 |    3.200 | 
     | randomize/f_func/sbox1b/U155           | A1 ^ -> ZN v | NAND3_X2  | 0.097 |   3.288 |    3.297 | 
     | randomize/f_func/sbox1b/U156           | A v -> ZN ^  | AOI21_X2  | 0.157 |   3.444 |    3.454 | 
     | randomize/f_func/sbox1b/U162           | A1 ^ -> ZN v | NAND4_X1  | 0.088 |   3.532 |    3.542 | 
     | randomize/f_func/sbox1b/U163           | A4 v -> ZN ^ | NOR4_X1   | 0.318 |   3.850 |    3.860 | 
     | FE_PSC41_randomize_f_func_sbox1b_n27   | A ^ -> Z ^   | BUF_X1    | 0.127 |   3.978 |    3.987 | 
     | randomize/f_func/sbox1b/U165           | B2 ^ -> ZN v | AOI21_X1  | 0.056 |   4.034 |    4.043 | 
     | randomize/f_func/sbox1b/U166           | A v -> ZN ^  | AOI221_X2 | 0.300 |   4.334 |    4.343 | 
     | randomize/f_func/sbox1b/U186           | A ^ -> ZN v  | OAI211_X2 | 0.161 |   4.495 |    4.504 | 
     | randomize/f_func/p_func/U77            | A v -> Z ^   | XOR2_X1   | 0.254 |   4.749 |    4.758 | 
     | randomize/f_func/p_func/U152           | A ^ -> Z ^   | XOR2_X1   | 0.289 |   5.037 |    5.047 | 
     | randomize/f_func/p_func/U165           | A ^ -> ZN ^  | XNOR2_X1  | 0.172 |   5.209 |    5.219 | 
     | randomize/f_func/p_func/U166           | A ^ -> ZN v  | XNOR2_X1  | 0.089 |   5.298 |    5.308 | 
     | randomize/U588                         | B v -> Z v   | XOR2_X1   | 0.232 |   5.530 |    5.539 | 
     | randomize/U589                         | B2 v -> ZN ^ | AOI22_X1  | 0.197 |   5.727 |    5.736 | 
     | randomize/U594                         | A1 ^ -> ZN v | NAND4_X1  | 0.091 |   5.818 |    5.827 | 
     | randomize/data_out_reg_47_             | D v          | DFF_X1    | 0.000 |   5.818 |    5.827 | 
     +------------------------------------------------------------------------------------------------+ 

