###############################################################
#  Generated by:      Cadence Innovus 21.13-s100_1
#  OS:                Linux x86_64(Host ID ic51)
#  Generated on:      Mon Oct  9 22:03:39 2023
#  Design:            top
#  Command:           report_timing > timing_best.rpt
###############################################################
Path 1: MET Setup Check with Pin randomize/data_out_reg_111_/CK 
Endpoint:   randomize/data_out_reg_111_/D (v) checked with  leading edge of 
'CLK'
Beginpoint: sequencer/round_reg_1_/Q      (^) triggered by  leading edge of 
'CLK'
Path Groups: {CLK}
Analysis View: generic_view
Other End Arrival Time          0.000
- Setup                         0.173
+ Phase Shift                   8.000
= Required Time                 7.827
- Arrival Time                  7.659
= Slack Time                    0.169
     Clock Rise Edge                 0.000
     + Clock Network Latency (Ideal) 0.000
     = Beginpoint Arrival Time       0.000
     +-----------------------------------------------------------------------------------------------+ 
     |               Instance                |     Arc      |   Cell    | Delay | Arrival | Required | 
     |                                       |              |           |       |  Time   |   Time   | 
     |---------------------------------------+--------------+-----------+-------+---------+----------| 
     | sequencer/round_reg_1_                | CK ^         |           |       |   0.000 |    0.169 | 
     | sequencer/round_reg_1_                | CK ^ -> Q ^  | DFF_X2    | 0.492 |   0.492 |    0.660 | 
     | randomize/U14                         | A ^ -> ZN v  | INV_X1    | 0.121 |   0.613 |    0.782 | 
     | randomize/U38                         | A2 v -> ZN ^ | NAND2_X2  | 0.080 |   0.693 |    0.861 | 
     | randomize/U35                         | A1 ^ -> ZN v | NOR2_X1   | 0.028 |   0.720 |    0.889 | 
     | randomize/U13                         | A1 v -> ZN ^ | NOR2_X1   | 0.128 |   0.848 |    1.017 | 
     | randomize/U51                         | A ^ -> ZN v  | OAI21_X1  | 0.081 |   0.930 |    1.099 | 
     | randomize/U41                         | C2 v -> ZN ^ | AOI211_X1 | 0.289 |   1.219 |    1.388 | 
     | randomize/U60                         | B1 ^ -> ZN v | AOI22_X1  | 0.117 |   1.336 |    1.505 | 
     | randomize/U42                         | B1 v -> ZN ^ | OAI21_X1  | 0.417 |   1.753 |    1.921 | 
     | FE_PDC57_randomize_n47                | A ^ -> Z ^   | BUF_X1    | 0.172 |   1.925 |    2.094 | 
     | FE_PDC111_randomize_n47               | A ^ -> ZN v  | INV_X1    | 0.056 |   1.981 |    2.150 | 
     | FE_PDC109_randomize_n47               | A v -> ZN ^  | INV_X2    | 0.113 |   2.094 |    2.263 | 
     | FE_PDC56_randomize_n47                | A ^ -> Z ^   | CLKBUF_X3 | 0.191 |   2.285 |    2.454 | 
     | FE_PDC120_randomize_n47               | A ^ -> ZN v  | INV_X4    | 0.056 |   2.341 |    2.509 | 
     | FE_PDC117_randomize_n47               | A v -> ZN ^  | INV_X4    | 0.169 |   2.510 |    2.679 | 
     | randomize/U5                          | A ^ -> ZN v  | INV_X8    | 0.123 |   2.633 |    2.802 | 
     | FE_PSBC148_randomize_n110             | A v -> Z v   | BUF_X2    | 0.176 |   2.809 |    2.978 | 
     | randomize/U77                         | B2 v -> ZN ^ | AOI22_X1  | 0.261 |   3.070 |    3.238 | 
     | randomize/U78                         | A ^ -> ZN v  | INV_X1    | 0.064 |   3.134 |    3.303 | 
     | randomize/U82                         | B1 v -> ZN ^ | AOI21_X1  | 0.106 |   3.240 |    3.409 | 
     | randomize/U83                         | A ^ -> ZN v  | OAI21_X1  | 0.085 |   3.326 |    3.494 | 
     | randomize/f_func/U64                  | A v -> Z ^   | XOR2_X1   | 0.373 |   3.698 |    3.867 | 
     | randomize/f_func/sbox1b/U3            | A ^ -> ZN v  | INV_X1    | 0.112 |   3.811 |    3.979 | 
     | randomize/f_func/sbox1b/U7            | A2 v -> ZN ^ | NAND2_X1  | 0.163 |   3.974 |    4.143 | 
     | randomize/f_func/sbox1b/U22           | A2 ^ -> ZN v | NOR2_X2   | 0.080 |   4.054 |    4.222 | 
     | randomize/f_func/sbox1b/U58           | A v -> ZN ^  | INV_X1    | 0.129 |   4.183 |    4.352 | 
     | randomize/f_func/sbox1b/U59           | A2 ^ -> ZN v | NOR2_X1   | 0.062 |   4.245 |    4.414 | 
     | randomize/f_func/sbox1b/U149          | A1 v -> ZN ^ | NOR2_X1   | 0.147 |   4.392 |    4.561 | 
     | randomize/f_func/sbox1b/U151          | A ^ -> ZN v  | OAI211_X1 | 0.154 |   4.546 |    4.715 | 
     | randomize/f_func/sbox1b/U153          | A3 v -> ZN ^ | NOR4_X2   | 0.287 |   4.833 |    5.002 | 
     | FE_PSC292_randomize_f_func_sbox1b_n24 | A ^ -> Z ^   | BUF_X1    | 0.120 |   4.953 |    5.121 | 
     | randomize/f_func/sbox1b/U155          | A1 ^ -> ZN v | NAND3_X1  | 0.103 |   5.056 |    5.224 | 
     | randomize/f_func/sbox1b/U156          | A v -> ZN ^  | AOI21_X2  | 0.174 |   5.230 |    5.399 | 
     | randomize/f_func/sbox1b/U162          | A1 ^ -> ZN v | NAND4_X1  | 0.088 |   5.318 |    5.487 | 
     | randomize/f_func/sbox1b/U163          | A4 v -> ZN ^ | NOR4_X1   | 0.405 |   5.723 |    5.892 | 
     | randomize/f_func/sbox1b/U165          | B2 ^ -> ZN v | AOI21_X1  | 0.090 |   5.814 |    5.982 | 
     | randomize/f_func/sbox1b/U166          | A v -> ZN ^  | AOI221_X1 | 0.305 |   6.118 |    6.287 | 
     | randomize/f_func/sbox1b/U186          | A ^ -> ZN v  | OAI211_X1 | 0.197 |   6.315 |    6.484 | 
     | randomize/f_func/p_func/U77           | A v -> Z ^   | XOR2_X1   | 0.266 |   6.581 |    6.749 | 
     | randomize/f_func/p_func/U152          | A ^ -> Z ^   | XOR2_X1   | 0.290 |   6.871 |    7.040 | 
     | randomize/f_func/p_func/U165          | A ^ -> ZN v  | XNOR2_X1  | 0.080 |   6.951 |    7.120 | 
     | randomize/f_func/p_func/U166          | A v -> ZN v  | XNOR2_X1  | 0.176 |   7.128 |    7.296 | 
     | randomize/U588                        | B v -> Z v   | XOR2_X2   | 0.249 |   7.376 |    7.545 | 
     | randomize/U1049                       | A2 v -> ZN ^ | AOI22_X1  | 0.181 |   7.557 |    7.726 | 
     | randomize/U1052                       | A2 ^ -> ZN v | NAND4_X1  | 0.102 |   7.659 |    7.827 | 
     | randomize/data_out_reg_111_           | D v          | DFF_X1    | 0.000 |   7.659 |    7.827 | 
     +-----------------------------------------------------------------------------------------------+ 

